                               No. of Molecules =     5400
                  No. of Atoms in Each Molecule =        1
                                      Time Step =          1.0000
                                No. of MD Steps =      600
                            Desired Temperature =         85.0000
                            Cubix Box Dimension =         63.4818
                   Lennard-Jones Parameters eps =          0.2381    Sigms          3.4050
      Cutoff for Lennard-Jones potential (RCut) =         10.0000
                                Mass of LJ Atom =         39.9480




Temperature is set to       85.000
Initial potential en       -7107.20830
        Step              PE              KE                TE 
         1         -7107.23304        1367.97026       -5739.26278
         2         -7107.25387        1367.99109       -5739.26278
         3         -7107.27081        1368.00803       -5739.26278
         4         -7107.28392        1368.02113       -5739.26279
         5         -7107.29325        1368.03046       -5739.26278
         6         -7107.29885        1368.03607       -5739.26278
         7         -7107.30083        1368.03806       -5739.26277
         8         -7107.29932        1368.03655       -5739.26277
         9         -7107.29445        1368.03167       -5739.26277
        10         -7107.28636        1368.02358       -5739.26277
        11         -7107.27523        1368.01246       -5739.26277
        12         -7107.26126        1367.99851       -5739.26275
        13         -7107.24467        1367.98194       -5739.26273
        14         -7107.22570        1367.96296       -5739.26274
        15         -7107.20455        1367.94182       -5739.26273
        16         -7107.18147        1367.91875       -5739.26272
        17         -7107.15675        1367.89404       -5739.26270
        18         -7107.13067        1367.86797       -5739.26269
        19         -7107.10349        1367.84083       -5739.26266
        20         -7107.07555        1367.81291       -5739.26263
        21         -7107.04714        1367.78452       -5739.26262
        22         -7107.01854        1367.75595       -5739.26259
        23         -7106.99010        1367.72754       -5739.26256
        24         -7106.96217        1367.69963       -5739.26254
        25         -7106.93505        1367.67253       -5739.26252
        26         -7106.90908        1367.64659       -5739.26250
        27         -7106.88461        1367.62214       -5739.26247
        28         -7106.86202        1367.59956       -5739.26246
        29         -7106.84168        1367.57923       -5739.26245
        30         -7106.82395        1367.56151       -5739.26244
        31         -7106.80913        1367.54672       -5739.26242
        32         -7106.79754        1367.53516       -5739.26238
        33         -7106.78956        1367.52720       -5739.26236
        34         -7106.78551        1367.52318       -5739.26233
        35         -7106.78569        1367.52338       -5739.26231
        36         -7106.79042        1367.52813       -5739.26229
        37         -7106.79999        1367.53772       -5739.26227
        38         -7106.81467        1367.55242       -5739.26225
        39         -7106.83478        1367.57254       -5739.26223
        40         -7106.86060        1367.59837       -5739.26223
        41         -7106.89239        1367.63017       -5739.26222
        42         -7106.93037        1367.66817       -5739.26220
        43         -7106.97477        1367.71257       -5739.26220
        44         -7107.02580        1367.76360       -5739.26220
        45         -7107.08364        1367.82144       -5739.26220
        46         -7107.14844        1367.88626       -5739.26219
        47         -7107.22033        1367.95816       -5739.26218
        48         -7107.29945        1368.03728       -5739.26217
        49         -7107.38593        1368.12376       -5739.26217
        50         -7107.47983        1368.21767       -5739.26215
        51         -7107.58120        1368.31905       -5739.26215
        52         -7107.69007        1368.42794       -5739.26214
        53         -7107.80649        1368.54435       -5739.26215
        54         -7107.93041        1368.66827       -5739.26214
        55         -7108.06183        1368.79967       -5739.26216
        56         -7108.20066        1368.93850       -5739.26216
        57         -7108.34683        1369.08466       -5739.26216
        58         -7108.50024        1369.23805       -5739.26218
        59         -7108.66076        1369.39856       -5739.26219
        60         -7108.82826        1369.56606       -5739.26220
        61         -7109.00256        1369.74034       -5739.26222
        62         -7109.18343        1369.92122       -5739.26221
        63         -7109.37074        1370.10852       -5739.26223
        64         -7109.56424        1370.30198       -5739.26226
        65         -7109.76360        1370.50132       -5739.26228
        66         -7109.96856        1370.70625       -5739.26231
        67         -7110.17883        1370.91650       -5739.26233
        68         -7110.39412        1371.13176       -5739.26236
        69         -7110.61408        1371.35170       -5739.26237
        70         -7110.83838        1371.57599       -5739.26240
        71         -7111.06666        1371.80425       -5739.26241
        72         -7111.29856        1372.03612       -5739.26243
        73         -7111.53366        1372.27119       -5739.26247
        74         -7111.77160        1372.50911       -5739.26249
        75         -7112.01199        1372.74947       -5739.26252
        76         -7112.25445        1372.99190       -5739.26254
        77         -7112.49856        1373.23600       -5739.26256
        78         -7112.74387        1373.48130       -5739.26258
        79         -7112.98996        1373.72737       -5739.26260
        80         -7113.23643        1373.97379       -5739.26264
        81         -7113.48282        1374.22015       -5739.26267
        82         -7113.72869        1374.46599       -5739.26271
        83         -7113.97363        1374.71091       -5739.26272
        84         -7114.21722        1374.95447       -5739.26275
        85         -7114.45902        1375.19624       -5739.26279
        86         -7114.69861        1375.43580       -5739.26281
        87         -7114.93556        1375.67272       -5739.26284
        88         -7115.16945        1375.90658       -5739.26287
        89         -7115.39986        1376.13697       -5739.26290
        90         -7115.62638        1376.36347       -5739.26291
        91         -7115.84863        1376.58570       -5739.26294
        92         -7116.06623        1376.80326       -5739.26296
        93         -7116.27877        1377.01579       -5739.26298
        94         -7116.48591        1377.22291       -5739.26300
        95         -7116.68728        1377.42425       -5739.26303
        96         -7116.88251        1377.61946       -5739.26305
        97         -7117.07125        1377.80819       -5739.26306
        98         -7117.25322        1377.99014       -5739.26309
        99         -7117.42812        1378.16501       -5739.26311
       100         -7117.59561        1378.33250       -5739.26311
       101         -7117.75546        1378.49232       -5739.26313
       102         -7117.90739        1378.64423       -5739.26316
       103         -7118.05110        1378.78793       -5739.26317
       104         -7118.18635        1378.92316       -5739.26319
       105         -7118.31290        1379.04968       -5739.26322
       106         -7118.43052        1379.16729       -5739.26323
       107         -7118.53905        1379.27581       -5739.26324
       108         -7118.63830        1379.37504       -5739.26326
       109         -7118.72811        1379.46483       -5739.26327
       110         -7118.80830        1379.54502       -5739.26328
       111         -7118.87877        1379.61547       -5739.26329
       112         -7118.93941        1379.67608       -5739.26333
       113         -7118.99007        1379.72674       -5739.26333
       114         -7119.03069        1379.76735       -5739.26334
       115         -7119.06113        1379.79780       -5739.26333
       116         -7119.08133        1379.81800       -5739.26333
       117         -7119.09123        1379.82789       -5739.26334
       118         -7119.09082        1379.82747       -5739.26334
       119         -7119.08005        1379.81670       -5739.26335
       120         -7119.05889        1379.79554       -5739.26335
       121         -7119.02730        1379.76394       -5739.26336
       122         -7118.98528        1379.72193       -5739.26335
       123         -7118.93285        1379.66950       -5739.26335
       124         -7118.87004        1379.60669       -5739.26335
       125         -7118.79686        1379.53351       -5739.26335
       126         -7118.71334        1379.44998       -5739.26336
       127         -7118.61951        1379.35615       -5739.26337
       128         -7118.51542        1379.25206       -5739.26336
       129         -7118.40115        1379.13779       -5739.26336
       130         -7118.27679        1379.01344       -5739.26335
       131         -7118.14245        1378.87909       -5739.26336
       132         -7117.99819        1378.73483       -5739.26336
       133         -7117.84410        1378.58074       -5739.26336
       134         -7117.68025        1378.41689       -5739.26336
       135         -7117.50676        1378.24341       -5739.26335
       136         -7117.32377        1378.06042       -5739.26335
       137         -7117.13138        1377.86804       -5739.26334
       138         -7116.92972        1377.66638       -5739.26334
       139         -7116.71888        1377.45552       -5739.26335
       140         -7116.49892        1377.23556       -5739.26335
       141         -7116.26998        1377.00664       -5739.26334
       142         -7116.03224        1376.76890       -5739.26334
       143         -7115.78581        1376.52248       -5739.26333
       144         -7115.53088        1376.26756       -5739.26333
       145         -7115.26761        1376.00428       -5739.26333
       146         -7114.99610        1375.73278       -5739.26332
       147         -7114.71653        1375.45321       -5739.26332
       148         -7114.42901        1375.16570       -5739.26331
       149         -7114.13373        1374.87043       -5739.26330
       150         -7113.83086        1374.56757       -5739.26329
       151         -7113.52053        1374.25725       -5739.26328
       152         -7113.20294        1373.93967       -5739.26327
       153         -7112.87830        1373.61502       -5739.26328
       154         -7112.54673        1373.28347       -5739.26326
       155         -7112.20845        1372.94520       -5739.26326
       156         -7111.86364        1372.60040       -5739.26324
       157         -7111.51251        1372.24929       -5739.26322
       158         -7111.15526        1371.89205       -5739.26321
       159         -7110.79209        1371.52889       -5739.26319
       160         -7110.42322        1371.16004       -5739.26319
       161         -7110.04886        1370.78568       -5739.26318
       162         -7109.66923        1370.40607       -5739.26316
       163         -7109.28458        1370.02142       -5739.26316
       164         -7108.89510        1369.63195       -5739.26314
       165         -7108.50104        1369.23791       -5739.26313
       166         -7108.10263        1368.83951       -5739.26312
       167         -7107.70012        1368.43701       -5739.26311
       168         -7107.29377        1368.03067       -5739.26310
       169         -7106.88389        1367.62078       -5739.26311
       170         -7106.47069        1367.20759       -5739.26310
       171         -7106.05443        1366.79135       -5739.26309
       172         -7105.63537        1366.37230       -5739.26307
       173         -7105.21376        1365.95071       -5739.26305
       174         -7104.78989        1365.52686       -5739.26303
       175         -7104.36405        1365.10102       -5739.26303
       176         -7103.93650        1364.67348       -5739.26302
       177         -7103.50750        1364.24450       -5739.26301
       178         -7103.07735        1363.81437       -5739.26298
       179         -7102.64635        1363.38339       -5739.26296
       180         -7102.21481        1362.95185       -5739.26295
       181         -7101.78298        1362.52004       -5739.26293
       182         -7101.35116        1362.08823       -5739.26292
       183         -7100.91960        1361.65671       -5739.26290
       184         -7100.48860        1361.22573       -5739.26287
       185         -7100.05844        1360.79558       -5739.26286
       186         -7099.62936        1360.36651       -5739.26284
       187         -7099.20164        1359.93882       -5739.26282
       188         -7098.77558        1359.51278       -5739.26280
       189         -7098.35144        1359.08866       -5739.26278
       190         -7097.92949        1358.66672       -5739.26276
       191         -7097.50997        1358.24723       -5739.26274
       192         -7097.09316        1357.83044       -5739.26272
       193         -7096.67932        1357.41662       -5739.26270
       194         -7096.26876        1357.00607       -5739.26268
       195         -7095.86170        1356.59902       -5739.26267
       196         -7095.45839        1356.19573       -5739.26266
       197         -7095.05909        1355.79645       -5739.26263
       198         -7094.66399        1355.40137       -5739.26262
       199         -7094.27332        1355.01070       -5739.26261
       200         -7093.88731        1354.62470       -5739.26261
       201         -7093.50618        1354.24358       -5739.26259
       202         -7093.13017        1353.86758       -5739.26259
       203         -7092.75947        1353.49689       -5739.26258
       204         -7092.39424        1353.13167       -5739.26257
       205         -7092.03465        1352.77209       -5739.26256
       206         -7091.68089        1352.41834       -5739.26255
       207         -7091.33313        1352.07058       -5739.26255
       208         -7090.99153        1351.72900       -5739.26254
       209         -7090.65627        1351.39373       -5739.26254
       210         -7090.32747        1351.06493       -5739.26254
       211         -7090.00528        1350.74275       -5739.26253
       212         -7089.68985        1350.42733       -5739.26252
       213         -7089.38133        1350.11881       -5739.26251
       214         -7089.07982        1349.81730       -5739.26251
       215         -7088.78541        1349.52290       -5739.26251
       216         -7088.49823        1349.23572       -5739.26251
       217         -7088.21835        1348.95585       -5739.26250
       218         -7087.94587        1348.68337       -5739.26250
       219         -7087.68080        1348.41830       -5739.26251
       220         -7087.42326        1348.16073       -5739.26252
       221         -7087.17324        1347.91071       -5739.26253
       222         -7086.93078        1347.66826       -5739.26252
       223         -7086.69592        1347.43340       -5739.26252
       224         -7086.46867        1347.20616       -5739.26251
       225         -7086.24904        1346.98653       -5739.26251
       226         -7086.03700        1346.77448       -5739.26252
       227         -7085.83252        1346.57000       -5739.26251
       228         -7085.63558        1346.37306       -5739.26252
       229         -7085.44614        1346.18363       -5739.26251
       230         -7085.26415        1346.00164       -5739.26252
       231         -7085.08952        1345.82699       -5739.26253
       232         -7084.92215        1345.65963       -5739.26252
       233         -7084.76201        1345.49948       -5739.26253
       234         -7084.60897        1345.34643       -5739.26254
       235         -7084.46292        1345.20038       -5739.26253
       236         -7084.32376        1345.06123       -5739.26253
       237         -7084.19138        1344.92883       -5739.26255
       238         -7084.06559        1344.80302       -5739.26257
       239         -7083.94622        1344.68365       -5739.26257
       240         -7083.83314        1344.57055       -5739.26259
       241         -7083.72615        1344.46353       -5739.26262
       242         -7083.62507        1344.36244       -5739.26262
       243         -7083.52971        1344.26708       -5739.26264
       244         -7083.43988        1344.17724       -5739.26265
       245         -7083.35537        1344.09271       -5739.26266
       246         -7083.27596        1344.01328       -5739.26267
       247         -7083.20144        1343.93874       -5739.26270
       248         -7083.13156        1343.86883       -5739.26273
       249         -7083.06603        1343.80328       -5739.26275
       250         -7083.00462        1343.74185       -5739.26277
       251         -7082.94711        1343.68431       -5739.26280
       252         -7082.89322        1343.63040       -5739.26282
       253         -7082.84272        1343.57988       -5739.26284
       254         -7082.79530        1343.53244       -5739.26287
       255         -7082.75070        1343.48780       -5739.26290
       256         -7082.70861        1343.44571       -5739.26291
       257         -7082.66883        1343.40590       -5739.26293
       258         -7082.63106        1343.36811       -5739.26295
       259         -7082.59505        1343.33208       -5739.26297
       260         -7082.56051        1343.29752       -5739.26298
       261         -7082.52716        1343.26415       -5739.26302
       262         -7082.49474        1343.23171       -5739.26303
       263         -7082.46301        1343.19996       -5739.26304
       264         -7082.43171        1343.16864       -5739.26307
       265         -7082.40056        1343.13748       -5739.26308
       266         -7082.36934        1343.10624       -5739.26310
       267         -7082.33782        1343.07470       -5739.26312
       268         -7082.30574        1343.04261       -5739.26313
       269         -7082.27289        1343.00973       -5739.26315
       270         -7082.23904        1342.97587       -5739.26317
       271         -7082.20402        1342.94084       -5739.26318
       272         -7082.16760        1342.90441       -5739.26318
       273         -7082.12962        1342.86643       -5739.26320
       274         -7082.08993        1342.82673       -5739.26320
       275         -7082.04833        1342.78513       -5739.26321
       276         -7082.00466        1342.74144       -5739.26322
       277         -7081.95878        1342.69555       -5739.26323
       278         -7081.91058        1342.64733       -5739.26325
       279         -7081.85994        1342.59668       -5739.26326
       280         -7081.80675        1342.54349       -5739.26326
       281         -7081.75093        1342.48766       -5739.26328
       282         -7081.69235        1342.42907       -5739.26327
       283         -7081.63095        1342.36768       -5739.26327
       284         -7081.56670        1342.30343       -5739.26327
       285         -7081.49957        1342.23629       -5739.26328
       286         -7081.42953        1342.16625       -5739.26328
       287         -7081.35653        1342.09325       -5739.26329
       288         -7081.28054        1342.01727       -5739.26327
       289         -7081.20156        1341.93830       -5739.26326
       290         -7081.11964        1341.85639       -5739.26325
       291         -7081.03481        1341.77156       -5739.26324
       292         -7080.94709        1341.68385       -5739.26324
       293         -7080.85654        1341.59330       -5739.26324
       294         -7080.76326        1341.50003       -5739.26323
       295         -7080.66735        1341.40413       -5739.26322
       296         -7080.56892        1341.30570       -5739.26322
       297         -7080.46805        1341.20483       -5739.26322
       298         -7080.36487        1341.10166       -5739.26320
       299         -7080.25951        1340.99631       -5739.26320
       300         -7080.15208        1340.88889       -5739.26319
       301         -7080.04275        1340.77959       -5739.26317
       302         -7079.93172        1340.66856       -5739.26316
       303         -7079.81911        1340.55595       -5739.26316
       304         -7079.70510        1340.44196       -5739.26315
       305         -7079.58990        1340.32678       -5739.26312
       306         -7079.47368        1340.21057       -5739.26311
       307         -7079.35664        1340.09354       -5739.26310
       308         -7079.23897        1339.97589       -5739.26308
       309         -7079.12085        1339.85779       -5739.26306
       310         -7079.00255        1339.73949       -5739.26306
       311         -7078.88426        1339.62122       -5739.26305
       312         -7078.76619        1339.50315       -5739.26304
       313         -7078.64854        1339.38551       -5739.26303
       314         -7078.53156        1339.26855       -5739.26301
       315         -7078.41548        1339.15248       -5739.26300
       316         -7078.30050        1339.03753       -5739.26296
       317         -7078.18686        1338.92392       -5739.26294
       318         -7078.07480        1338.81187       -5739.26292
       319         -7077.96450        1338.70160       -5739.26290
       320         -7077.85620        1338.59331       -5739.26289
       321         -7077.75008        1338.48721       -5739.26287
       322         -7077.64636        1338.38350       -5739.26286
       323         -7077.54523        1338.28239       -5739.26284
       324         -7077.44687        1338.18405       -5739.26282
       325         -7077.35150        1338.08868       -5739.26282
       326         -7077.25925        1337.99644       -5739.26281
       327         -7077.17031        1337.90751       -5739.26280
       328         -7077.08482        1337.82204       -5739.26278
       329         -7077.00297        1337.74019       -5739.26277
       330         -7076.92487        1337.66211       -5739.26276
       331         -7076.85070        1337.58795       -5739.26275
       332         -7076.78053        1337.51780       -5739.26273
       333         -7076.71449        1337.45178       -5739.26271
       334         -7076.65268        1337.38998       -5739.26270
       335         -7076.59519        1337.33248       -5739.26270
       336         -7076.54206        1337.27937       -5739.26269
       337         -7076.49339        1337.23072       -5739.26267
       338         -7076.44920        1337.18653       -5739.26267
       339         -7076.40950        1337.14683       -5739.26267
       340         -7076.37432        1337.11165       -5739.26267
       341         -7076.34365        1337.08098       -5739.26267
       342         -7076.31748        1337.05480       -5739.26267
       343         -7076.29577        1337.03310       -5739.26268
       344         -7076.27849        1337.01580       -5739.26269
       345         -7076.26554        1337.00285       -5739.26269
       346         -7076.25687        1336.99418       -5739.26269
       347         -7076.25241        1336.98972       -5739.26269
       348         -7076.25208        1336.98937       -5739.26271
       349         -7076.25575        1336.99304       -5739.26271
       350         -7076.26332        1337.00061       -5739.26271
       351         -7076.27467        1337.01195       -5739.26271
       352         -7076.28963        1337.02691       -5739.26272
       353         -7076.30808        1337.04534       -5739.26273
       354         -7076.32983        1337.06709       -5739.26274
       355         -7076.35471        1337.09195       -5739.26276
       356         -7076.38255        1337.11978       -5739.26276
       357         -7076.41317        1337.15040       -5739.26278
       358         -7076.44636        1337.18356       -5739.26280
       359         -7076.48187        1337.21907       -5739.26280
       360         -7076.51959        1337.25677       -5739.26282
       361         -7076.55926        1337.29643       -5739.26283
       362         -7076.60067        1337.33782       -5739.26284
       363         -7076.64362        1337.38076       -5739.26286
       364         -7076.68789        1337.42502       -5739.26287
       365         -7076.73324        1337.47037       -5739.26287
       366         -7076.77945        1337.51656       -5739.26288
       367         -7076.82629        1337.56339       -5739.26290
       368         -7076.87353        1337.61062       -5739.26291
       369         -7076.92095        1337.65802       -5739.26293
       370         -7076.96836        1337.70543       -5739.26294
       371         -7077.01555        1337.75261       -5739.26295
       372         -7077.06232        1337.79936       -5739.26296
       373         -7077.10845        1337.84548       -5739.26297
       374         -7077.15373        1337.89075       -5739.26298
       375         -7077.19799        1337.93499       -5739.26300
       376         -7077.24102        1337.97800       -5739.26302
       377         -7077.28258        1338.01954       -5739.26304
       378         -7077.32247        1338.05943       -5739.26304
       379         -7077.36058        1338.09753       -5739.26305
       380         -7077.39674        1338.13368       -5739.26306
       381         -7077.43077        1338.16770       -5739.26307
       382         -7077.46248        1338.19940       -5739.26308
       383         -7077.49172        1338.22864       -5739.26308
       384         -7077.51836        1338.25526       -5739.26310
       385         -7077.54229        1338.27918       -5739.26311
       386         -7077.56340        1338.30027       -5739.26312
       387         -7077.58155        1338.31843       -5739.26312
       388         -7077.59667        1338.33352       -5739.26314
       389         -7077.60861        1338.34546       -5739.26315
       390         -7077.61732        1338.35416       -5739.26316
       391         -7077.62273        1338.35957       -5739.26316
       392         -7077.62477        1338.36161       -5739.26316
       393         -7077.62342        1338.36024       -5739.26318
       394         -7077.61860        1338.35543       -5739.26318
       395         -7077.61032        1338.34714       -5739.26318
       396         -7077.59855        1338.33538       -5739.26317
       397         -7077.58327        1338.32010       -5739.26317
       398         -7077.56445        1338.30129       -5739.26317
       399         -7077.54212        1338.27896       -5739.26316
       400         -7077.51630        1338.25315       -5739.26315
       401         -7077.48703        1338.22387       -5739.26316
       402         -7077.45428        1338.19113       -5739.26315
       403         -7077.41815        1338.15499       -5739.26316
       404         -7077.37868        1338.11551       -5739.26316
       405         -7077.33594        1338.07279       -5739.26315
       406         -7077.29005        1338.02691       -5739.26315
       407         -7077.24107        1337.97792       -5739.26314
       408         -7077.18907        1337.92594       -5739.26313
       409         -7077.13414        1337.87103       -5739.26311
       410         -7077.07641        1337.81330       -5739.26311
       411         -7077.01599        1337.75287       -5739.26312
       412         -7076.95296        1337.68985       -5739.26311
       413         -7076.88745        1337.62433       -5739.26311
       414         -7076.81957        1337.55646       -5739.26311
       415         -7076.74947        1337.48637       -5739.26310
       416         -7076.67725        1337.41417       -5739.26308
       417         -7076.60306        1337.33999       -5739.26306
       418         -7076.52708        1337.26401       -5739.26306
       419         -7076.44940        1337.18635       -5739.26305
       420         -7076.37016        1337.10712       -5739.26303
       421         -7076.28954        1337.02650       -5739.26304
       422         -7076.20767        1336.94465       -5739.26302
       423         -7076.12468        1336.86167       -5739.26301
       424         -7076.04072        1336.77773       -5739.26299
       425         -7075.95596        1336.69298       -5739.26298
       426         -7075.87052        1336.60755       -5739.26297
       427         -7075.78451        1336.52154       -5739.26297
       428         -7075.69807        1336.43511       -5739.26296
       429         -7075.61133        1336.34838       -5739.26295
       430         -7075.52447        1336.26151       -5739.26296
       431         -7075.43759        1336.17463       -5739.26296
       432         -7075.35079        1336.08786       -5739.26293
       433         -7075.26423        1336.00130       -5739.26293
       434         -7075.17800        1335.91507       -5739.26293
       435         -7075.09221        1335.82929       -5739.26292
       436         -7075.00700        1335.74409       -5739.26291
       437         -7074.92247        1335.65957       -5739.26289
       438         -7074.83871        1335.57582       -5739.26289
       439         -7074.75579        1335.49290       -5739.26288
       440         -7074.67383        1335.41094       -5739.26289
       441         -7074.59291        1335.33003       -5739.26288
       442         -7074.51311        1335.25024       -5739.26287
       443         -7074.43452        1335.17166       -5739.26287
       444         -7074.35721        1335.09435       -5739.26286
       445         -7074.28124        1335.01838       -5739.26286
       446         -7074.20670        1334.94385       -5739.26285
       447         -7074.13366        1334.87081       -5739.26284
       448         -7074.06219        1334.79936       -5739.26283
       449         -7073.99241        1334.72958       -5739.26283
       450         -7073.92438        1334.66155       -5739.26283
       451         -7073.85812        1334.59530       -5739.26281
       452         -7073.79374        1334.53093       -5739.26281
       453         -7073.73130        1334.46850       -5739.26280
       454         -7073.67090        1334.40809       -5739.26281
       455         -7073.61255        1334.34974       -5739.26280
       456         -7073.55635        1334.29353       -5739.26282
       457         -7073.50234        1334.23953       -5739.26280
       458         -7073.45060        1334.18781       -5739.26279
       459         -7073.40127        1334.13846       -5739.26280
       460         -7073.35435        1334.09156       -5739.26280
       461         -7073.30995        1334.04716       -5739.26278
       462         -7073.26815        1334.00537       -5739.26278
       463         -7073.22905        1333.96626       -5739.26279
       464         -7073.19269        1333.92989       -5739.26279
       465         -7073.15913        1333.89634       -5739.26279
       466         -7073.12845        1333.86567       -5739.26278
       467         -7073.10078        1333.83799       -5739.26279
       468         -7073.07617        1333.81339       -5739.26278
       469         -7073.05475        1333.79197       -5739.26278
       470         -7073.03659        1333.77381       -5739.26277
       471         -7073.02178        1333.75900       -5739.26278
       472         -7073.01040        1333.74763       -5739.26277
       473         -7073.00257        1333.73980       -5739.26277
       474         -7072.99837        1333.73561       -5739.26276
       475         -7072.99791        1333.73516       -5739.26274
       476         -7073.00127        1333.73852       -5739.26275
       477         -7073.00847        1333.74573       -5739.26273
       478         -7073.01962        1333.75690       -5739.26272
       479         -7073.03483        1333.77211       -5739.26272
       480         -7073.05411        1333.79140       -5739.26271
       481         -7073.07755        1333.81484       -5739.26271
       482         -7073.10519        1333.84248       -5739.26271
       483         -7073.13708        1333.87437       -5739.26271
       484         -7073.17328        1333.91057       -5739.26271
       485         -7073.21384        1333.95112       -5739.26272
       486         -7073.25878        1333.99607       -5739.26271
       487         -7073.30815        1334.04543       -5739.26271
       488         -7073.36192        1334.09920       -5739.26271
       489         -7073.42008        1334.15738       -5739.26271
       490         -7073.48269        1334.21997       -5739.26272
       491         -7073.54973        1334.28700       -5739.26273
       492         -7073.62117        1334.35844       -5739.26273
       493         -7073.69697        1334.43424       -5739.26273
       494         -7073.77707        1334.51433       -5739.26274
       495         -7073.86142        1334.59867       -5739.26275
       496         -7073.94998        1334.68721       -5739.26276
       497         -7074.04266        1334.77989       -5739.26277
       498         -7074.13938        1334.87661       -5739.26277
       499         -7074.24007        1334.97730       -5739.26278
       500         -7074.34463        1335.08185       -5739.26279
       501         -7074.45296        1335.19016       -5739.26280
       502         -7074.56494        1335.30212       -5739.26281
       503         -7074.68044        1335.41761       -5739.26283
       504         -7074.79933        1335.53650       -5739.26284
       505         -7074.92145        1335.65861       -5739.26284
       506         -7075.04671        1335.78387       -5739.26284
       507         -7075.17495        1335.91210       -5739.26285
       508         -7075.30597        1336.04310       -5739.26287
       509         -7075.43960        1336.17672       -5739.26288
       510         -7075.57572        1336.31283       -5739.26289
       511         -7075.71410        1336.45121       -5739.26289
       512         -7075.85455        1336.59165       -5739.26289
       513         -7075.99691        1336.73400       -5739.26291
       514         -7076.14103        1336.87810       -5739.26293
       515         -7076.28665        1337.02371       -5739.26294
       516         -7076.43358        1337.17061       -5739.26297
       517         -7076.58164        1337.31866       -5739.26298
       518         -7076.73064        1337.46766       -5739.26299
       519         -7076.88036        1337.61737       -5739.26299
       520         -7077.03059        1337.76758       -5739.26301
       521         -7077.18108        1337.91805       -5739.26302
       522         -7077.33162        1338.06858       -5739.26304
       523         -7077.48197        1338.21891       -5739.26306
       524         -7077.63196        1338.36888       -5739.26308
       525         -7077.78136        1338.51827       -5739.26309
       526         -7077.92992        1338.66683       -5739.26310
       527         -7078.07746        1338.81434       -5739.26312
       528         -7078.22372        1338.96059       -5739.26313
       529         -7078.36851        1339.10537       -5739.26314
       530         -7078.51162        1339.24846       -5739.26316
       531         -7078.65277        1339.38960       -5739.26317
       532         -7078.79174        1339.52855       -5739.26319
       533         -7078.92826        1339.66507       -5739.26319
       534         -7079.06214        1339.79894       -5739.26320
       535         -7079.19319        1339.92998       -5739.26321
       536         -7079.32116        1340.05795       -5739.26321
       537         -7079.44585        1340.18262       -5739.26323
       538         -7079.56705        1340.30380       -5739.26325
       539         -7079.68452        1340.42127       -5739.26325
       540         -7079.79808        1340.53483       -5739.26325
       541         -7079.90753        1340.64428       -5739.26325
       542         -7080.01263        1340.74937       -5739.26326
       543         -7080.11318        1340.84990       -5739.26328
       544         -7080.20895        1340.94566       -5739.26329
       545         -7080.29975        1341.03644       -5739.26331
       546         -7080.38542        1341.12210       -5739.26331
       547         -7080.46585        1341.20252       -5739.26333
       548         -7080.54086        1341.27753       -5739.26334
       549         -7080.61029        1341.34692       -5739.26336
       550         -7080.67392        1341.41055       -5739.26337
       551         -7080.73163        1341.46826       -5739.26337
       552         -7080.78331        1341.51994       -5739.26337
       553         -7080.82881        1341.56543       -5739.26338
       554         -7080.86803        1341.60464       -5739.26339
       555         -7080.90086        1341.63746       -5739.26340
       556         -7080.92714        1341.66374       -5739.26340
       557         -7080.94680        1341.68340       -5739.26340
       558         -7080.95977        1341.69636       -5739.26341
       559         -7080.96595        1341.70254       -5739.26341
       560         -7080.96529        1341.70188       -5739.26341
       561         -7080.95775        1341.69434       -5739.26341
       562         -7080.94328        1341.67989       -5739.26339
       563         -7080.92188        1341.65849       -5739.26339
       564         -7080.89348        1341.63009       -5739.26340
       565         -7080.85808        1341.59468       -5739.26340
       566         -7080.81567        1341.55227       -5739.26340
       567         -7080.76625        1341.50285       -5739.26340
       568         -7080.70982        1341.44643       -5739.26339
       569         -7080.64645        1341.38307       -5739.26338
       570         -7080.57618        1341.31281       -5739.26336
       571         -7080.49909        1341.23573       -5739.26336
       572         -7080.41525        1341.15189       -5739.26336
       573         -7080.32469        1341.06132       -5739.26336
       574         -7080.22751        1340.96415       -5739.26336
       575         -7080.12382        1340.86046       -5739.26336
       576         -7080.01367        1340.75033       -5739.26335
       577         -7079.89720        1340.63386       -5739.26334
       578         -7079.77451        1340.51118       -5739.26333
       579         -7079.64572        1340.38240       -5739.26332
       580         -7079.51099        1340.24768       -5739.26331
       581         -7079.37049        1340.10720       -5739.26329
       582         -7079.22440        1339.96111       -5739.26329
       583         -7079.07282        1339.80954       -5739.26328
       584         -7078.91592        1339.65265       -5739.26327
       585         -7078.75390        1339.49064       -5739.26326
       586         -7078.58691        1339.32367       -5739.26324
       587         -7078.41519        1339.15195       -5739.26324
       588         -7078.23888        1338.97567       -5739.26322
       589         -7078.05820        1338.79499       -5739.26321
       590         -7077.87331        1338.61013       -5739.26319
       591         -7077.68448        1338.42131       -5739.26317
       592         -7077.49190        1338.22874       -5739.26316
       593         -7077.29577        1338.03263       -5739.26314
       594         -7077.09633        1337.83321       -5739.26312
       595         -7076.89378        1337.63067       -5739.26310
       596         -7076.68836        1337.42527       -5739.26309
       597         -7076.48030        1337.21722       -5739.26308
       598         -7076.26979        1337.00672       -5739.26307
       599         -7076.05707        1336.79401       -5739.26306
       600         -7075.84238        1336.57934       -5739.26305
Time (in sec):        18.56
