                               No. of Molecules =    12800
                  No. of Atoms in Each Molecule =        1
                                      Time Step =          1.0000
                                No. of MD Steps =      600
                            Desired Temperature =         85.0000
                            Cubix Box Dimension =         84.6420
                   Lennard-Jones Parameters eps =          0.2381    Sigms          3.4050
      Cutoff for Lennard-Jones potential (RCut) =         10.0000
                                Mass of LJ Atom =         39.9480




Temperature is set to       85.000
Initial potential en      -16846.98347
        Step              PE              KE                TE 
         1        -16847.18811        3243.08939      -13604.09872
         2        -16847.37497        3243.27625      -13604.09873
         3        -16847.54398        3243.44526      -13604.09871
         4        -16847.69521        3243.59650      -13604.09871
         5        -16847.82869        3243.72999      -13604.09870
         6        -16847.94449        3243.84583      -13604.09866
         7        -16848.04293        3243.94428      -13604.09865
         8        -16848.12425        3244.02563      -13604.09862
         9        -16848.18881        3244.09022      -13604.09859
        10        -16848.23695        3244.13839      -13604.09856
        11        -16848.26912        3244.17059      -13604.09853
        12        -16848.28582        3244.18734      -13604.09848
        13        -16848.28757        3244.18914      -13604.09843
        14        -16848.27498        3244.17659      -13604.09840
        15        -16848.24864        3244.15028      -13604.09836
        16        -16848.20922        3244.11090      -13604.09831
        17        -16848.15745        3244.05917      -13604.09828
        18        -16848.09405        3243.99582      -13604.09822
        19        -16848.01981        3243.92163      -13604.09818
        20        -16847.93556        3243.83743      -13604.09812
        21        -16847.84216        3243.74408      -13604.09808
        22        -16847.74045        3243.64244      -13604.09802
        23        -16847.63137        3243.53343      -13604.09794
        24        -16847.51585        3243.41798      -13604.09787
        25        -16847.39487        3243.29705      -13604.09782
        26        -16847.26935        3243.17158      -13604.09777
        27        -16847.14020        3243.04251      -13604.09769
        28        -16847.00851        3242.91085      -13604.09766
        29        -16846.87522        3242.77763      -13604.09759
        30        -16846.74134        3242.64382      -13604.09752
        31        -16846.60784        3242.51038      -13604.09746
        32        -16846.47567        3242.37829      -13604.09739
        33        -16846.34580        3242.24848      -13604.09732
        34        -16846.21920        3242.12192      -13604.09728
        35        -16846.09680        3241.99957      -13604.09723
        36        -16845.97958        3241.88238      -13604.09719
        37        -16845.86832        3241.77120      -13604.09712
        38        -16845.76392        3241.66685      -13604.09707
        39        -16845.66728        3241.57026      -13604.09701
        40        -16845.57918        3241.48220      -13604.09698
        41        -16845.50031        3241.40339      -13604.09692
        42        -16845.43142        3241.33454      -13604.09688
        43        -16845.37316        3241.27636      -13604.09681
        44        -16845.32628        3241.22952      -13604.09677
        45        -16845.29135        3241.19461      -13604.09675
        46        -16845.26885        3241.17214      -13604.09671
        47        -16845.25932        3241.16264      -13604.09668
        48        -16845.26334        3241.16667      -13604.09667
        49        -16845.28121        3241.18456      -13604.09665
        50        -16845.31326        3241.21664      -13604.09662
        51        -16845.35982        3241.26322      -13604.09661
        52        -16845.42105        3241.32445      -13604.09660
        53        -16845.49713        3241.40053      -13604.09659
        54        -16845.58821        3241.49161      -13604.09660
        55        -16845.69432        3241.59773      -13604.09659
        56        -16845.81551        3241.71892      -13604.09659
        57        -16845.95167        3241.85508      -13604.09659
        58        -16846.10266        3242.00606      -13604.09660
        59        -16846.26833        3242.17174      -13604.09660
        60        -16846.44847        3242.35186      -13604.09661
        61        -16846.64279        3242.54616      -13604.09663
        62        -16846.85092        3242.75426      -13604.09666
        63        -16847.07250        3242.97580      -13604.09670
        64        -16847.30705        3243.21031      -13604.09673
        65        -16847.55407        3243.45730      -13604.09677
        66        -16847.81303        3243.71623      -13604.09680
        67        -16848.08336        3243.98653      -13604.09683
        68        -16848.36445        3244.26758      -13604.09687
        69        -16848.65560        3244.55868      -13604.09692
        70        -16848.95608        3244.85911      -13604.09696
        71        -16849.26515        3245.16813      -13604.09702
        72        -16849.58212        3245.48503      -13604.09708
        73        -16849.90620        3245.80906      -13604.09713
        74        -16850.23655        3246.13937      -13604.09718
        75        -16850.57234        3246.47511      -13604.09723
        76        -16850.91270        3246.81541      -13604.09729
        77        -16851.25669        3247.15933      -13604.09736
        78        -16851.60340        3247.50596      -13604.09743
        79        -16851.95191        3247.85440      -13604.09751
        80        -16852.30130        3248.20373      -13604.09757
        81        -16852.65067        3248.55304      -13604.09763
        82        -16852.99913        3248.90142      -13604.09771
        83        -16853.34563        3249.24786      -13604.09777
        84        -16853.68921        3249.59139      -13604.09782
        85        -16854.02896        3249.93109      -13604.09788
        86        -16854.36395        3250.26602      -13604.09793
        87        -16854.69325        3250.59527      -13604.09798
        88        -16855.01594        3250.91790      -13604.09805
        89        -16855.33109        3251.23298      -13604.09811
        90        -16855.63779        3251.53963      -13604.09816
        91        -16855.93521        3251.83700      -13604.09821
        92        -16856.22256        3252.12427      -13604.09829
        93        -16856.49894        3252.40060      -13604.09834
        94        -16856.76356        3252.66516      -13604.09840
        95        -16857.01560        3252.91716      -13604.09844
        96        -16857.25425        3253.15576      -13604.09850
        97        -16857.47874        3253.38020      -13604.09854
        98        -16857.68836        3253.58978      -13604.09858
        99        -16857.88247        3253.78383      -13604.09864
       100        -16858.06043        3253.96172      -13604.09871
       101        -16858.22159        3254.12283      -13604.09876
       102        -16858.36528        3254.26648      -13604.09879
       103        -16858.49091        3254.39210      -13604.09881
       104        -16858.59800        3254.49915      -13604.09885
       105        -16858.68604        3254.58714      -13604.09890
       106        -16858.75452        3254.65559      -13604.09894
       107        -16858.80300        3254.70404      -13604.09896
       108        -16858.83114        3254.73214      -13604.09900
       109        -16858.83850        3254.73948      -13604.09902
       110        -16858.82475        3254.72570      -13604.09905
       111        -16858.78956        3254.69050      -13604.09906
       112        -16858.73267        3254.63360      -13604.09907
       113        -16858.65389        3254.55478      -13604.09912
       114        -16858.55302        3254.45387      -13604.09915
       115        -16858.42982        3254.33068      -13604.09914
       116        -16858.28424        3254.18507      -13604.09916
       117        -16858.11616        3254.01699      -13604.09917
       118        -16857.92557        3253.82639      -13604.09918
       119        -16857.71238        3253.61320      -13604.09917
       120        -16857.47659        3253.37743      -13604.09916
       121        -16857.21830        3253.11915      -13604.09915
       122        -16856.93762        3252.83846      -13604.09916
       123        -16856.63464        3252.53548      -13604.09915
       124        -16856.30950        3252.21037      -13604.09913
       125        -16855.96242        3251.86330      -13604.09912
       126        -16855.59359        3251.49448      -13604.09911
       127        -16855.20329        3251.10419      -13604.09910
       128        -16854.79181        3250.69271      -13604.09909
       129        -16854.35943        3250.26036      -13604.09907
       130        -16853.90654        3249.80751      -13604.09903
       131        -16853.43358        3249.33456      -13604.09902
       132        -16852.94093        3248.84193      -13604.09900
       133        -16852.42899        3248.33002      -13604.09898
       134        -16851.89821        3247.79927      -13604.09893
       135        -16851.34910        3247.25021      -13604.09889
       136        -16850.78222        3246.68334      -13604.09887
       137        -16850.19806        3246.09923      -13604.09884
       138        -16849.59725        3245.49844      -13604.09881
       139        -16848.98031        3244.88154      -13604.09878
       140        -16848.34791        3244.24917      -13604.09875
       141        -16847.70073        3243.60201      -13604.09872
       142        -16847.03940        3242.94073      -13604.09867
       143        -16846.36459        3242.26595      -13604.09864
       144        -16845.67697        3241.57839      -13604.09858
       145        -16844.97733        3240.87879      -13604.09854
       146        -16844.26639        3240.16789      -13604.09850
       147        -16843.54485        3239.44639      -13604.09846
       148        -16842.81345        3238.71501      -13604.09843
       149        -16842.07293        3237.97454      -13604.09839
       150        -16841.32410        3237.22575      -13604.09835
       151        -16840.56772        3236.46939      -13604.09833
       152        -16839.80452        3235.70623      -13604.09829
       153        -16839.03527        3234.93702      -13604.09825
       154        -16838.26071        3234.16252      -13604.09819
       155        -16837.48163        3233.38348      -13604.09815
       156        -16836.69882        3232.60069      -13604.09813
       157        -16835.91295        3231.81487      -13604.09808
       158        -16835.12484        3231.02681      -13604.09802
       159        -16834.33528        3230.23730      -13604.09798
       160        -16833.54498        3229.44704      -13604.09794
       161        -16832.75462        3228.65671      -13604.09791
       162        -16831.96490        3227.86703      -13604.09787
       163        -16831.17654        3227.07871      -13604.09783
       164        -16830.39022        3226.29242      -13604.09780
       165        -16829.60654        3225.50878      -13604.09776
       166        -16828.82608        3224.72836      -13604.09772
       167        -16828.04949        3223.95179      -13604.09769
       168        -16827.27738        3223.17973      -13604.09766
       169        -16826.51038        3222.41275      -13604.09763
       170        -16825.74896        3221.65136      -13604.09760
       171        -16824.99364        3220.89608      -13604.09756
       172        -16824.24487        3220.14734      -13604.09753
       173        -16823.50311        3219.40562      -13604.09750
       174        -16822.76880        3218.67132      -13604.09748
       175        -16822.04232        3217.94485      -13604.09747
       176        -16821.32400        3217.22655      -13604.09745
       177        -16820.61413        3216.51669      -13604.09744
       178        -16819.91301        3215.81557      -13604.09744
       179        -16819.22086        3215.12343      -13604.09743
       180        -16818.53796        3214.44054      -13604.09743
       181        -16817.86450        3213.76710      -13604.09740
       182        -16817.20068        3213.10327      -13604.09741
       183        -16816.54657        3212.44917      -13604.09740
       184        -16815.90226        3211.80487      -13604.09739
       185        -16815.26781        3211.17042      -13604.09739
       186        -16814.64328        3210.54587      -13604.09741
       187        -16814.02868        3209.93125      -13604.09743
       188        -16813.42397        3209.32652      -13604.09746
       189        -16812.82907        3208.73161      -13604.09747
       190        -16812.24389        3208.14643      -13604.09747
       191        -16811.66832        3207.57086      -13604.09747
       192        -16811.10225        3207.00479      -13604.09747
       193        -16810.54549        3206.44801      -13604.09748
       194        -16809.99782        3205.90032      -13604.09750
       195        -16809.45904        3205.36154      -13604.09750
       196        -16808.92898        3204.83146      -13604.09751
       197        -16808.40733        3204.30981      -13604.09753
       198        -16807.89384        3203.79631      -13604.09753
       199        -16807.38826        3203.29072      -13604.09754
       200        -16806.89027        3202.79270      -13604.09757
       201        -16806.39951        3202.30192      -13604.09759
       202        -16805.91568        3201.81806      -13604.09762
       203        -16805.43844        3201.34078      -13604.09766
       204        -16804.96747        3200.86977      -13604.09770
       205        -16804.50241        3200.40468      -13604.09773
       206        -16804.04292        3199.94517      -13604.09776
       207        -16803.58869        3199.49092      -13604.09777
       208        -16803.13940        3199.04160      -13604.09779
       209        -16802.69465        3198.59684      -13604.09781
       210        -16802.25407        3198.15622      -13604.09785
       211        -16801.81735        3197.71946      -13604.09789
       212        -16801.38420        3197.28629      -13604.09791
       213        -16800.95430        3196.85637      -13604.09793
       214        -16800.52730        3196.42932      -13604.09798
       215        -16800.10281        3196.00481      -13604.09799
       216        -16799.68059        3195.58257      -13604.09802
       217        -16799.26029        3195.16224      -13604.09805
       218        -16798.84160        3194.74352      -13604.09809
       219        -16798.42426        3194.32613      -13604.09813
       220        -16798.00802        3193.90988      -13604.09814
       221        -16797.59266        3193.49451      -13604.09815
       222        -16797.17795        3193.07977      -13604.09818
       223        -16796.76362        3192.66545      -13604.09817
       224        -16796.34952        3192.25132      -13604.09820
       225        -16795.93544        3191.83721      -13604.09823
       226        -16795.52116        3191.42293      -13604.09823
       227        -16795.10654        3191.00829      -13604.09825
       228        -16794.69144        3190.59317      -13604.09827
       229        -16794.27577        3190.17748      -13604.09829
       230        -16793.85941        3189.76110      -13604.09831
       231        -16793.44219        3189.34389      -13604.09830
       232        -16793.02408        3188.92578      -13604.09831
       233        -16792.60504        3188.50673      -13604.09831
       234        -16792.18504        3188.08671      -13604.09833
       235        -16791.76398        3187.66565      -13604.09833
       236        -16791.34183        3187.24349      -13604.09834
       237        -16790.91861        3186.82026      -13604.09835
       238        -16790.49425        3186.39591      -13604.09833
       239        -16790.06878        3185.97043      -13604.09835
       240        -16789.64221        3185.54387      -13604.09834
       241        -16789.21462        3185.11628      -13604.09834
       242        -16788.78604        3184.68768      -13604.09836
       243        -16788.35647        3184.25811      -13604.09836
       244        -16787.92593        3183.82759      -13604.09834
       245        -16787.49449        3183.39616      -13604.09833
       246        -16787.06227        3182.96395      -13604.09832
       247        -16786.62939        3182.53106      -13604.09832
       248        -16786.19586        3182.09753      -13604.09832
       249        -16785.76172        3181.66340      -13604.09831
       250        -16785.32706        3181.22875      -13604.09831
       251        -16784.89198        3180.79368      -13604.09830
       252        -16784.45659        3180.35829      -13604.09830
       253        -16784.02094        3179.92265      -13604.09830
       254        -16783.58518        3179.48688      -13604.09829
       255        -16783.14937        3179.05109      -13604.09828
       256        -16782.71363        3178.61535      -13604.09828
       257        -16782.27806        3178.17980      -13604.09826
       258        -16781.84278        3177.74454      -13604.09824
       259        -16781.40789        3177.30965      -13604.09825
       260        -16780.97346        3176.87522      -13604.09823
       261        -16780.53963        3176.44139      -13604.09824
       262        -16780.10649        3176.00826      -13604.09824
       263        -16779.67415        3175.57593      -13604.09823
       264        -16779.24274        3175.14452      -13604.09822
       265        -16778.81238        3174.71415      -13604.09822
       266        -16778.38315        3174.28492      -13604.09823
       267        -16777.95514        3173.85693      -13604.09822
       268        -16777.52850        3173.43030      -13604.09820
       269        -16777.10339        3173.00517      -13604.09822
       270        -16776.67990        3172.58168      -13604.09823
       271        -16776.25817        3172.15996      -13604.09821
       272        -16775.83827        3171.74007      -13604.09819
       273        -16775.42030        3171.32213      -13604.09818
       274        -16775.00442        3170.90624      -13604.09818
       275        -16774.59069        3170.49252      -13604.09817
       276        -16774.17923        3170.08108      -13604.09815
       277        -16773.77022        3169.67204      -13604.09817
       278        -16773.36375        3169.26557      -13604.09817
       279        -16772.95996        3168.86179      -13604.09817
       280        -16772.55894        3168.46078      -13604.09816
       281        -16772.16082        3168.06267      -13604.09815
       282        -16771.76575        3167.66760      -13604.09815
       283        -16771.37383        3167.27566      -13604.09817
       284        -16770.98514        3166.88696      -13604.09818
       285        -16770.59985        3166.50168      -13604.09817
       286        -16770.21810        3166.11994      -13604.09816
       287        -16769.84003        3165.74189      -13604.09815
       288        -16769.46582        3165.36769      -13604.09813
       289        -16769.09561        3164.99748      -13604.09813
       290        -16768.72948        3164.63137      -13604.09811
       291        -16768.36761        3164.26949      -13604.09811
       292        -16768.01007        3163.91195      -13604.09812
       293        -16767.65697        3163.55887      -13604.09811
       294        -16767.30849        3163.21039      -13604.09811
       295        -16766.96471        3162.86662      -13604.09810
       296        -16766.62578        3162.52769      -13604.09809
       297        -16766.29182        3162.19374      -13604.09808
       298        -16765.96298        3161.86491      -13604.09807
       299        -16765.63939        3161.54131      -13604.09808
       300        -16765.32115        3161.22307      -13604.09808
       301        -16765.00836        3160.91029      -13604.09807
       302        -16764.70113        3160.60306      -13604.09806
       303        -16764.39954        3160.30148      -13604.09805
       304        -16764.10372        3160.00566      -13604.09806
       305        -16763.81376        3159.71569      -13604.09806
       306        -16763.52973        3159.43167      -13604.09806
       307        -16763.25172        3159.15367      -13604.09805
       308        -16762.97980        3158.88176      -13604.09804
       309        -16762.71406        3158.61602      -13604.09804
       310        -16762.45454        3158.35651      -13604.09803
       311        -16762.20125        3158.10324      -13604.09801
       312        -16761.95425        3157.85623      -13604.09802
       313        -16761.71355        3157.61553      -13604.09801
       314        -16761.47923        3157.38121      -13604.09802
       315        -16761.25132        3157.15329      -13604.09803
       316        -16761.02980        3156.93178      -13604.09802
       317        -16760.81469        3156.71667      -13604.09802
       318        -16760.60594        3156.50792      -13604.09802
       319        -16760.40356        3156.30553      -13604.09802
       320        -16760.20755        3156.10953      -13604.09802
       321        -16760.01791        3155.91988      -13604.09802
       322        -16759.83455        3155.73653      -13604.09801
       323        -16759.65746        3155.55945      -13604.09801
       324        -16759.48657        3155.38856      -13604.09801
       325        -16759.32180        3155.22378      -13604.09802
       326        -16759.16308        3155.06505      -13604.09802
       327        -16759.01031        3154.91230      -13604.09801
       328        -16758.86352        3154.76549      -13604.09802
       329        -16758.72259        3154.62458      -13604.09801
       330        -16758.58748        3154.48947      -13604.09801
       331        -16758.45810        3154.36009      -13604.09801
       332        -16758.33434        3154.23633      -13604.09802
       333        -16758.21615        3154.11812      -13604.09802
       334        -16758.10346        3154.00544      -13604.09802
       335        -16757.99620        3153.89818      -13604.09802
       336        -16757.89427        3153.79624      -13604.09803
       337        -16757.79759        3153.69956      -13604.09803
       338        -16757.70614        3153.60809      -13604.09805
       339        -16757.61977        3153.52173      -13604.09805
       340        -16757.53844        3153.44037      -13604.09807
       341        -16757.46202        3153.36394      -13604.09807
       342        -16757.39042        3153.29234      -13604.09808
       343        -16757.32357        3153.22549      -13604.09808
       344        -16757.26138        3153.16329      -13604.09809
       345        -16757.20376        3153.10567      -13604.09809
       346        -16757.15067        3153.05257      -13604.09810
       347        -16757.10202        3153.00392      -13604.09810
       348        -16757.05770        3152.95959      -13604.09811
       349        -16757.01761        3152.91950      -13604.09812
       350        -16756.98172        3152.88360      -13604.09812
       351        -16756.94991        3152.85180      -13604.09811
       352        -16756.92213        3152.82401      -13604.09812
       353        -16756.89825        3152.80014      -13604.09811
       354        -16756.87822        3152.78010      -13604.09812
       355        -16756.86190        3152.76381      -13604.09810
       356        -16756.84928        3152.75117      -13604.09811
       357        -16756.84028        3152.74218      -13604.09810
       358        -16756.83482        3152.73672      -13604.09810
       359        -16756.83277        3152.73466      -13604.09811
       360        -16756.83407        3152.73595      -13604.09813
       361        -16756.83867        3152.74052      -13604.09815
       362        -16756.84646        3152.74830      -13604.09815
       363        -16756.85732        3152.75918      -13604.09814
       364        -16756.87117        3152.77305      -13604.09813
       365        -16756.88794        3152.78981      -13604.09814
       366        -16756.90747        3152.80931      -13604.09815
       367        -16756.92958        3152.83145      -13604.09813
       368        -16756.95428        3152.85614      -13604.09814
       369        -16756.98142        3152.88328      -13604.09814
       370        -16757.01085        3152.91272      -13604.09813
       371        -16757.04248        3152.94436      -13604.09812
       372        -16757.07632        3152.97817      -13604.09815
       373        -16757.11217        3153.01403      -13604.09815
       374        -16757.14992        3153.05179      -13604.09813
       375        -16757.18948        3153.09134      -13604.09814
       376        -16757.23075        3153.13258      -13604.09817
       377        -16757.27356        3153.17537      -13604.09819
       378        -16757.31776        3153.21956      -13604.09820
       379        -16757.36327        3153.26508      -13604.09820
       380        -16757.41004        3153.31184      -13604.09821
       381        -16757.45788        3153.35966      -13604.09822
       382        -16757.50666        3153.40842      -13604.09824
       383        -16757.55626        3153.45802      -13604.09825
       384        -16757.60657        3153.50833      -13604.09824
       385        -16757.65753        3153.55928      -13604.09824
       386        -16757.70907        3153.61081      -13604.09826
       387        -16757.76106        3153.66281      -13604.09825
       388        -16757.81345        3153.71519      -13604.09826
       389        -16757.86614        3153.76789      -13604.09825
       390        -16757.91909        3153.82083      -13604.09826
       391        -16757.97223        3153.87394      -13604.09829
       392        -16758.02542        3153.92714      -13604.09828
       393        -16758.07864        3153.98035      -13604.09829
       394        -16758.13178        3154.03350      -13604.09828
       395        -16758.18481        3154.08652      -13604.09829
       396        -16758.23766        3154.13935      -13604.09831
       397        -16758.29028        3154.19196      -13604.09832
       398        -16758.34264        3154.24431      -13604.09832
       399        -16758.39469        3154.29636      -13604.09833
       400        -16758.44643        3154.34810      -13604.09833
       401        -16758.49788        3154.39956      -13604.09832
       402        -16758.54901        3154.45069      -13604.09832
       403        -16758.59980        3154.50148      -13604.09833
       404        -16758.65021        3154.55189      -13604.09832
       405        -16758.70026        3154.60195      -13604.09830
       406        -16758.74998        3154.65168      -13604.09830
       407        -16758.79936        3154.70108      -13604.09828
       408        -16758.84845        3154.75017      -13604.09828
       409        -16758.89727        3154.79900      -13604.09827
       410        -16758.94588        3154.84760      -13604.09828
       411        -16758.99428        3154.89601      -13604.09826
       412        -16759.04257        3154.94430      -13604.09827
       413        -16759.09077        3154.99251      -13604.09826
       414        -16759.13893        3155.04067      -13604.09825
       415        -16759.18709        3155.08883      -13604.09826
       416        -16759.23527        3155.13701      -13604.09826
       417        -16759.28354        3155.18529      -13604.09825
       418        -16759.33199        3155.23374      -13604.09825
       419        -16759.38068        3155.28244      -13604.09824
       420        -16759.42966        3155.33143      -13604.09823
       421        -16759.47898        3155.38077      -13604.09822
       422        -16759.52875        3155.43055      -13604.09820
       423        -16759.57901        3155.48084      -13604.09817
       424        -16759.62981        3155.53166      -13604.09815
       425        -16759.68122        3155.58305      -13604.09816
       426        -16759.73328        3155.63511      -13604.09817
       427        -16759.78608        3155.68791      -13604.09817
       428        -16759.83970        3155.74153      -13604.09817
       429        -16759.89421        3155.79606      -13604.09815
       430        -16759.94969        3155.85154      -13604.09816
       431        -16760.00616        3155.90800      -13604.09816
       432        -16760.06372        3155.96556      -13604.09816
       433        -16760.12240        3156.02426      -13604.09814
       434        -16760.18224        3156.08413      -13604.09811
       435        -16760.24334        3156.14524      -13604.09810
       436        -16760.30575        3156.20766      -13604.09809
       437        -16760.36951        3156.27143      -13604.09808
       438        -16760.43468        3156.33660      -13604.09808
       439        -16760.50129        3156.40322      -13604.09807
       440        -16760.56940        3156.47132      -13604.09808
       441        -16760.63900        3156.54093      -13604.09807
       442        -16760.71019        3156.61212      -13604.09807
       443        -16760.78295        3156.68489      -13604.09806
       444        -16760.85731        3156.75926      -13604.09805
       445        -16760.93333        3156.83529      -13604.09804
       446        -16761.01100        3156.91298      -13604.09803
       447        -16761.09035        3156.99232      -13604.09803
       448        -16761.17135        3157.07333      -13604.09801
       449        -16761.25407        3157.15605      -13604.09802
       450        -16761.33848        3157.24048      -13604.09801
       451        -16761.42462        3157.32664      -13604.09797
       452        -16761.51255        3157.41456      -13604.09799
       453        -16761.60222        3157.50422      -13604.09799
       454        -16761.69365        3157.59565      -13604.09800
       455        -16761.78687        3157.68886      -13604.09801
       456        -16761.88184        3157.78384      -13604.09800
       457        -16761.97859        3157.88057      -13604.09802
       458        -16762.07710        3157.97907      -13604.09803
       459        -16762.17738        3158.07934      -13604.09803
       460        -16762.27943        3158.18138      -13604.09805
       461        -16762.38324        3158.28519      -13604.09805
       462        -16762.48877        3158.39073      -13604.09805
       463        -16762.59597        3158.49793      -13604.09804
       464        -16762.70485        3158.60682      -13604.09803
       465        -16762.81540        3158.71736      -13604.09805
       466        -16762.92753        3158.82950      -13604.09803
       467        -16763.04125        3158.94321      -13604.09804
       468        -16763.15655        3159.05850      -13604.09805
       469        -16763.27341        3159.17535      -13604.09806
       470        -16763.39181        3159.29373      -13604.09807
       471        -16763.51179        3159.41368      -13604.09810
       472        -16763.63332        3159.53522      -13604.09810
       473        -16763.75642        3159.65834      -13604.09808
       474        -16763.88109        3159.78302      -13604.09807
       475        -16764.00730        3159.90922      -13604.09808
       476        -16764.13497        3160.03690      -13604.09807
       477        -16764.26412        3160.16606      -13604.09806
       478        -16764.39474        3160.29668      -13604.09806
       479        -16764.52683        3160.42877      -13604.09806
       480        -16764.66038        3160.56232      -13604.09806
       481        -16764.79538        3160.69733      -13604.09806
       482        -16764.93183        3160.83378      -13604.09805
       483        -16765.06972        3160.97168      -13604.09805
       484        -16765.20905        3161.11100      -13604.09805
       485        -16765.34976        3161.25171      -13604.09804
       486        -16765.49187        3161.39382      -13604.09806
       487        -16765.63537        3161.53732      -13604.09805
       488        -16765.78028        3161.68224      -13604.09804
       489        -16765.92657        3161.82853      -13604.09804
       490        -16766.07423        3161.97618      -13604.09805
       491        -16766.22329        3162.12522      -13604.09806
       492        -16766.37373        3162.27567      -13604.09806
       493        -16766.52554        3162.42750      -13604.09804
       494        -16766.67876        3162.58070      -13604.09806
       495        -16766.83329        3162.73524      -13604.09805
       496        -16766.98913        3162.89109      -13604.09804
       497        -16767.14625        3163.04822      -13604.09803
       498        -16767.30465        3163.20663      -13604.09803
       499        -16767.46429        3163.36627      -13604.09802
       500        -16767.62524        3163.52719      -13604.09805
       501        -16767.78744        3163.68938      -13604.09805
       502        -16767.95080        3163.85275      -13604.09805
       503        -16768.11532        3164.01728      -13604.09804
       504        -16768.28098        3164.18294      -13604.09805
       505        -16768.44774        3164.34969      -13604.09804
       506        -16768.61559        3164.51752      -13604.09806
       507        -16768.78445        3164.68640      -13604.09805
       508        -16768.95432        3164.85627      -13604.09805
       509        -16769.12510        3165.02705      -13604.09805
       510        -16769.29675        3165.19869      -13604.09806
       511        -16769.46916        3165.37109      -13604.09806
       512        -16769.64228        3165.54422      -13604.09805
       513        -16769.81604        3165.71798      -13604.09805
       514        -16769.99033        3165.89227      -13604.09806
       515        -16770.16513        3166.06705      -13604.09808
       516        -16770.34036        3166.24228      -13604.09808
       517        -16770.51595        3166.41786      -13604.09808
       518        -16770.69185        3166.59374      -13604.09810
       519        -16770.86791        3166.76980      -13604.09811
       520        -16771.04400        3166.94588      -13604.09811
       521        -16771.21997        3167.12185      -13604.09811
       522        -16771.39580        3167.29766      -13604.09815
       523        -16771.57136        3167.47320      -13604.09816
       524        -16771.74658        3167.64841      -13604.09817
       525        -16771.92131        3167.82312      -13604.09819
       526        -16772.09542        3167.99723      -13604.09818
       527        -16772.26886        3168.17067      -13604.09819
       528        -16772.44152        3168.34332      -13604.09820
       529        -16772.61325        3168.51503      -13604.09822
       530        -16772.78388        3168.68566      -13604.09822
       531        -16772.95331        3168.85508      -13604.09823
       532        -16773.12141        3169.02317      -13604.09824
       533        -16773.28803        3169.18980      -13604.09823
       534        -16773.45305        3169.35483      -13604.09823
       535        -16773.61633        3169.51811      -13604.09823
       536        -16773.77776        3169.67951      -13604.09825
       537        -16773.93718        3169.83891      -13604.09827
       538        -16774.09445        3169.99617      -13604.09828
       539        -16774.24939        3170.15112      -13604.09827
       540        -16774.40188        3170.30363      -13604.09825
       541        -16774.55187        3170.45361      -13604.09826
       542        -16774.69923        3170.60096      -13604.09827
       543        -16774.84385        3170.74557      -13604.09828
       544        -16774.98563        3170.88734      -13604.09828
       545        -16775.12442        3171.02615      -13604.09827
       546        -16775.26016        3171.16188      -13604.09828
       547        -16775.39276        3171.29449      -13604.09827
       548        -16775.52219        3171.42393      -13604.09826
       549        -16775.64839        3171.55013      -13604.09826
       550        -16775.77127        3171.67301      -13604.09825
       551        -16775.89070        3171.79245      -13604.09825
       552        -16776.00660        3171.90835      -13604.09825
       553        -16776.11896        3172.02073      -13604.09824
       554        -16776.22780        3172.12959      -13604.09821
       555        -16776.33306        3172.23484      -13604.09822
       556        -16776.43464        3172.33643      -13604.09821
       557        -16776.53257        3172.43435      -13604.09822
       558        -16776.62679        3172.52858      -13604.09821
       559        -16776.71736        3172.61915      -13604.09820
       560        -16776.80428        3172.70608      -13604.09820
       561        -16776.88753        3172.78933      -13604.09821
       562        -16776.96714        3172.86893      -13604.09821
       563        -16777.04313        3172.94493      -13604.09820
       564        -16777.11548        3173.01729      -13604.09819
       565        -16777.18426        3173.08607      -13604.09819
       566        -16777.24947        3173.15129      -13604.09818
       567        -16777.31121        3173.21304      -13604.09817
       568        -16777.36957        3173.27141      -13604.09816
       569        -16777.42459        3173.32644      -13604.09815
       570        -16777.47630        3173.37816      -13604.09814
       571        -16777.52474        3173.42662      -13604.09812
       572        -16777.56999        3173.47188      -13604.09810
       573        -16777.61214        3173.51404      -13604.09809
       574        -16777.65126        3173.55317      -13604.09809
       575        -16777.68739        3173.58932      -13604.09807
       576        -16777.72062        3173.62256      -13604.09805
       577        -16777.75100        3173.65296      -13604.09804
       578        -16777.77865        3173.68058      -13604.09806
       579        -16777.80364        3173.70558      -13604.09806
       580        -16777.82610        3173.72804      -13604.09806
       581        -16777.84608        3173.74800      -13604.09807
       582        -16777.86365        3173.76558      -13604.09807
       583        -16777.87890        3173.78083      -13604.09808
       584        -16777.89187        3173.79380      -13604.09807
       585        -16777.90259        3173.80452      -13604.09807
       586        -16777.91112        3173.81305      -13604.09807
       587        -16777.91752        3173.81948      -13604.09804
       588        -16777.92188        3173.82383      -13604.09806
       589        -16777.92418        3173.82613      -13604.09805
       590        -16777.92448        3173.82642      -13604.09806
       591        -16777.92284        3173.82479      -13604.09805
       592        -16777.91933        3173.82127      -13604.09806
       593        -16777.91393        3173.81588      -13604.09805
       594        -16777.90675        3173.80868      -13604.09806
       595        -16777.89774        3173.79968      -13604.09806
       596        -16777.88696        3173.78891      -13604.09805
       597        -16777.87441        3173.77637      -13604.09804
       598        -16777.86010        3173.76206      -13604.09804
       599        -16777.84409        3173.74606      -13604.09803
       600        -16777.82642        3173.72839      -13604.09803
Time (in sec):        95.93
