                               No. of Molecules =     1600
                  No. of Atoms in Each Molecule =        1
                                      Time Step =          1.0000
                                No. of MD Steps =      600
                            Desired Temperature =         85.0000
                            Cubix Box Dimension =         42.3212
                   Lennard-Jones Parameters eps =          0.2381    Sigms          3.4050
      Cutoff for Lennard-Jones potential (RCut) =         10.0000
                                Mass of LJ Atom =         39.9480




Temperature is set to       85.000
Initial potential en       -2105.83958
        Step              PE              KE                TE 
         1         -2105.75944         405.05877       -1700.70067
         2         -2105.67754         404.97687       -1700.70067
         3         -2105.59391         404.89325       -1700.70066
         4         -2105.50858         404.80792       -1700.70066
         5         -2105.42158         404.72092       -1700.70066
         6         -2105.33297         404.63231       -1700.70066
         7         -2105.24279         404.54214       -1700.70065
         8         -2105.15111         404.45046       -1700.70065
         9         -2105.05801         404.35736       -1700.70065
        10         -2104.96356         404.26291       -1700.70065
        11         -2104.86782         404.16717       -1700.70065
        12         -2104.77086         404.07022       -1700.70064
        13         -2104.67277         403.97214       -1700.70063
        14         -2104.57366         403.87303       -1700.70062
        15         -2104.47361         403.77299       -1700.70062
        16         -2104.37271         403.67210       -1700.70061
        17         -2104.27105         403.57045       -1700.70060
        18         -2104.16874         403.46814       -1700.70060
        19         -2104.06588         403.36530       -1700.70059
        20         -2103.96261         403.26202       -1700.70058
        21         -2103.85899         403.15841       -1700.70057
        22         -2103.75515         403.05458       -1700.70057
        23         -2103.65122         402.95066       -1700.70056
        24         -2103.54732         402.84677       -1700.70055
        25         -2103.44359         402.74304       -1700.70054
        26         -2103.34011         402.63958       -1700.70053
        27         -2103.23703         402.53651       -1700.70052
        28         -2103.13450         402.43397       -1700.70053
        29         -2103.03260         402.33208       -1700.70053
        30         -2102.93147         402.23095       -1700.70052
        31         -2102.83122         402.13070       -1700.70052
        32         -2102.73197         402.03145       -1700.70051
        33         -2102.63382         401.93332       -1700.70050
        34         -2102.53692         401.83641       -1700.70050
        35         -2102.44136         401.74086       -1700.70050
        36         -2102.34725         401.64677       -1700.70049
        37         -2102.25471         401.55423       -1700.70048
        38         -2102.16385         401.46338       -1700.70048
        39         -2102.07479         401.37432       -1700.70047
        40         -2101.98761         401.28715       -1700.70046
        41         -2101.90240         401.20195       -1700.70045
        42         -2101.81925         401.11880       -1700.70045
        43         -2101.73826         401.03781       -1700.70045
        44         -2101.65949         400.95904       -1700.70045
        45         -2101.58301         400.88257       -1700.70044
        46         -2101.50889         400.80846       -1700.70043
        47         -2101.43722         400.73678       -1700.70043
        48         -2101.36803         400.66760       -1700.70044
        49         -2101.30140         400.60096       -1700.70044
        50         -2101.23734         400.53690       -1700.70044
        51         -2101.17589         400.47545       -1700.70044
        52         -2101.11707         400.41662       -1700.70044
        53         -2101.06090         400.36045       -1700.70045
        54         -2101.00739         400.30694       -1700.70045
        55         -2100.95659         400.25614       -1700.70045
        56         -2100.90847         400.20802       -1700.70046
        57         -2100.86303         400.16257       -1700.70046
        58         -2100.82025         400.11978       -1700.70046
        59         -2100.78011         400.07964       -1700.70047
        60         -2100.74260         400.04212       -1700.70047
        61         -2100.70766         400.00718       -1700.70047
        62         -2100.67526         399.97478       -1700.70048
        63         -2100.64534         399.94485       -1700.70049
        64         -2100.61783         399.91735       -1700.70049
        65         -2100.59271         399.89222       -1700.70049
        66         -2100.56991         399.86942       -1700.70049
        67         -2100.54935         399.84886       -1700.70049
        68         -2100.53096         399.83047       -1700.70049
        69         -2100.51467         399.81418       -1700.70049
        70         -2100.50042         399.79992       -1700.70050
        71         -2100.48813         399.78762       -1700.70051
        72         -2100.47770         399.77718       -1700.70051
        73         -2100.46901         399.76850       -1700.70051
        74         -2100.46200         399.76148       -1700.70052
        75         -2100.45657         399.75604       -1700.70053
        76         -2100.45265         399.75212       -1700.70053
        77         -2100.45014         399.74960       -1700.70054
        78         -2100.44893         399.74838       -1700.70054
        79         -2100.44892         399.74837       -1700.70055
        80         -2100.45001         399.74946       -1700.70056
        81         -2100.45213         399.75156       -1700.70056
        82         -2100.45518         399.75461       -1700.70058
        83         -2100.45907         399.75850       -1700.70057
        84         -2100.46374         399.76316       -1700.70058
        85         -2100.46907         399.76849       -1700.70058
        86         -2100.47501         399.77442       -1700.70059
        87         -2100.48144         399.78084       -1700.70060
        88         -2100.48830         399.78769       -1700.70061
        89         -2100.49553         399.79492       -1700.70061
        90         -2100.50307         399.80245       -1700.70062
        91         -2100.51085         399.81023       -1700.70062
        92         -2100.51882         399.81818       -1700.70064
        93         -2100.52691         399.82627       -1700.70064
        94         -2100.53507         399.83442       -1700.70065
        95         -2100.54325         399.84260       -1700.70066
        96         -2100.55142         399.85076       -1700.70066
        97         -2100.55956         399.85890       -1700.70066
        98         -2100.56764         399.86697       -1700.70066
        99         -2100.57561         399.87495       -1700.70067
       100         -2100.58347         399.88280       -1700.70067
       101         -2100.59121         399.89054       -1700.70067
       102         -2100.59881         399.89813       -1700.70068
       103         -2100.60625         399.90557       -1700.70068
       104         -2100.61355         399.91287       -1700.70069
       105         -2100.62073         399.92004       -1700.70069
       106         -2100.62778         399.92709       -1700.70069
       107         -2100.63471         399.93403       -1700.70068
       108         -2100.64159         399.94091       -1700.70068
       109         -2100.64841         399.94773       -1700.70068
       110         -2100.65519         399.95452       -1700.70068
       111         -2100.66199         399.96132       -1700.70067
       112         -2100.66886         399.96819       -1700.70067
       113         -2100.67583         399.97516       -1700.70067
       114         -2100.68295         399.98229       -1700.70067
       115         -2100.69027         399.98960       -1700.70066
       116         -2100.69783         399.99716       -1700.70066
       117         -2100.70570         400.00503       -1700.70067
       118         -2100.71392         400.01326       -1700.70066
       119         -2100.72255         400.02189       -1700.70066
       120         -2100.73165         400.03099       -1700.70066
       121         -2100.74130         400.04065       -1700.70065
       122         -2100.75159         400.05095       -1700.70064
       123         -2100.76257         400.06193       -1700.70064
       124         -2100.77430         400.07367       -1700.70064
       125         -2100.78685         400.08622       -1700.70063
       126         -2100.80028         400.09965       -1700.70063
       127         -2100.81465         400.11403       -1700.70062
       128         -2100.83005         400.12943       -1700.70061
       129         -2100.84652         400.14591       -1700.70061
       130         -2100.86414         400.16354       -1700.70060
       131         -2100.88298         400.18238       -1700.70060
       132         -2100.90309         400.20249       -1700.70060
       133         -2100.92453         400.22394       -1700.70059
       134         -2100.94737         400.24678       -1700.70059
       135         -2100.97163         400.27105       -1700.70059
       136         -2100.99739         400.29680       -1700.70059
       137         -2101.02469         400.32410       -1700.70059
       138         -2101.05357         400.35298       -1700.70059
       139         -2101.08408         400.38349       -1700.70059
       140         -2101.11625         400.41567       -1700.70058
       141         -2101.15013         400.44956       -1700.70058
       142         -2101.18577         400.48519       -1700.70058
       143         -2101.22317         400.52259       -1700.70058
       144         -2101.26235         400.56177       -1700.70057
       145         -2101.30335         400.60279       -1700.70057
       146         -2101.34621         400.64564       -1700.70057
       147         -2101.39091         400.69034       -1700.70057
       148         -2101.43747         400.73690       -1700.70057
       149         -2101.48593         400.78535       -1700.70058
       150         -2101.53622         400.83565       -1700.70057
       151         -2101.58838         400.88780       -1700.70058
       152         -2101.64238         400.94180       -1700.70058
       153         -2101.69823         400.99764       -1700.70060
       154         -2101.75592         401.05532       -1700.70060
       155         -2101.81543         401.11483       -1700.70060
       156         -2101.87674         401.17613       -1700.70061
       157         -2101.93980         401.23919       -1700.70062
       158         -2102.00459         401.30398       -1700.70062
       159         -2102.07109         401.37047       -1700.70062
       160         -2102.13922         401.43861       -1700.70062
       161         -2102.20898         401.50836       -1700.70062
       162         -2102.28032         401.57969       -1700.70063
       163         -2102.35320         401.65257       -1700.70063
       164         -2102.42759         401.72697       -1700.70062
       165         -2102.50344         401.80282       -1700.70062
       166         -2102.58070         401.88007       -1700.70062
       167         -2102.65929         401.95866       -1700.70063
       168         -2102.73917         402.03854       -1700.70063
       169         -2102.82027         402.11964       -1700.70063
       170         -2102.90253         402.20190       -1700.70064
       171         -2102.98589         402.28525       -1700.70064
       172         -2103.07030         402.36965       -1700.70065
       173         -2103.15567         402.45502       -1700.70065
       174         -2103.24198         402.54132       -1700.70066
       175         -2103.32914         402.62848       -1700.70066
       176         -2103.41706         402.71639       -1700.70067
       177         -2103.50566         402.80499       -1700.70067
       178         -2103.59490         402.89423       -1700.70067
       179         -2103.68468         402.98401       -1700.70067
       180         -2103.77493         403.07426       -1700.70067
       181         -2103.86557         403.16489       -1700.70068
       182         -2103.95653         403.25584       -1700.70068
       183         -2104.04773         403.34704       -1700.70069
       184         -2104.13907         403.43837       -1700.70070
       185         -2104.23047         403.52976       -1700.70070
       186         -2104.32185         403.62114       -1700.70071
       187         -2104.41312         403.71242       -1700.70071
       188         -2104.50421         403.80350       -1700.70072
       189         -2104.59502         403.89430       -1700.70072
       190         -2104.68546         403.98474       -1700.70072
       191         -2104.77548         404.07475       -1700.70073
       192         -2104.86497         404.16423       -1700.70073
       193         -2104.95384         404.25311       -1700.70073
       194         -2105.04203         404.34129       -1700.70074
       195         -2105.12943         404.42869       -1700.70074
       196         -2105.21596         404.51521       -1700.70075
       197         -2105.30154         404.60078       -1700.70076
       198         -2105.38609         404.68533       -1700.70077
       199         -2105.46951         404.76874       -1700.70077
       200         -2105.55171         404.85094       -1700.70077
       201         -2105.63260         404.93183       -1700.70078
       202         -2105.71210         405.01133       -1700.70078
       203         -2105.79012         405.08934       -1700.70078
       204         -2105.86656         405.16577       -1700.70079
       205         -2105.94134         405.24054       -1700.70080
       206         -2106.01437         405.31357       -1700.70081
       207         -2106.08557         405.38476       -1700.70081
       208         -2106.15486         405.45404       -1700.70081
       209         -2106.22213         405.52131       -1700.70082
       210         -2106.28730         405.58648       -1700.70082
       211         -2106.35028         405.64946       -1700.70082
       212         -2106.41101         405.71018       -1700.70083
       213         -2106.46939         405.76856       -1700.70083
       214         -2106.52534         405.82451       -1700.70083
       215         -2106.57879         405.87796       -1700.70083
       216         -2106.62969         405.92885       -1700.70084
       217         -2106.67792         405.97708       -1700.70084
       218         -2106.72343         406.02258       -1700.70085
       219         -2106.76610         406.06524       -1700.70086
       220         -2106.80587         406.10500       -1700.70087
       221         -2106.84266         406.14178       -1700.70088
       222         -2106.87639         406.17551       -1700.70088
       223         -2106.90698         406.20609       -1700.70089
       224         -2106.93434         406.23345       -1700.70089
       225         -2106.95844         406.25754       -1700.70089
       226         -2106.97918         406.27828       -1700.70090
       227         -2106.99652         406.29562       -1700.70090
       228         -2107.01037         406.30946       -1700.70091
       229         -2107.02067         406.31976       -1700.70091
       230         -2107.02740         406.32648       -1700.70091
       231         -2107.03045         406.32954       -1700.70092
       232         -2107.02977         406.32886       -1700.70091
       233         -2107.02530         406.32438       -1700.70092
       234         -2107.01697         406.31606       -1700.70092
       235         -2107.00476         406.30384       -1700.70092
       236         -2106.98859         406.28766       -1700.70093
       237         -2106.96843         406.26750       -1700.70093
       238         -2106.94423         406.24330       -1700.70094
       239         -2106.91598         406.21505       -1700.70093
       240         -2106.88364         406.18271       -1700.70093
       241         -2106.84717         406.14623       -1700.70094
       242         -2106.80651         406.10557       -1700.70094
       243         -2106.76165         406.06071       -1700.70094
       244         -2106.71256         406.01161       -1700.70094
       245         -2106.65919         405.95825       -1700.70094
       246         -2106.60156         405.90062       -1700.70094
       247         -2106.53963         405.83868       -1700.70095
       248         -2106.47339         405.77245       -1700.70095
       249         -2106.40287         405.70191       -1700.70095
       250         -2106.32805         405.62710       -1700.70095
       251         -2106.24894         405.54798       -1700.70096
       252         -2106.16554         405.46457       -1700.70097
       253         -2106.07784         405.37688       -1700.70096
       254         -2105.98588         405.28492       -1700.70096
       255         -2105.88968         405.18873       -1700.70095
       256         -2105.78928         405.08832       -1700.70096
       257         -2105.68468         404.98372       -1700.70096
       258         -2105.57594         404.87498       -1700.70096
       259         -2105.46311         404.76215       -1700.70096
       260         -2105.34624         404.64529       -1700.70096
       261         -2105.22540         404.52446       -1700.70095
       262         -2105.10064         404.39971       -1700.70094
       263         -2104.97204         404.27111       -1700.70093
       264         -2104.83969         404.13876       -1700.70093
       265         -2104.70365         404.00273       -1700.70092
       266         -2104.56401         403.86309       -1700.70092
       267         -2104.42088         403.71996       -1700.70092
       268         -2104.27434         403.57343       -1700.70091
       269         -2104.12450         403.42360       -1700.70090
       270         -2103.97149         403.27059       -1700.70089
       271         -2103.81544         403.11455       -1700.70089
       272         -2103.65647         402.95559       -1700.70088
       273         -2103.49472         402.79386       -1700.70087
       274         -2103.33034         402.62949       -1700.70085
       275         -2103.16348         402.46264       -1700.70084
       276         -2102.99429         402.29346       -1700.70082
       277         -2102.82292         402.12211       -1700.70081
       278         -2102.64955         401.94875       -1700.70080
       279         -2102.47435         401.77356       -1700.70080
       280         -2102.29749         401.59671       -1700.70078
       281         -2102.11915         401.41839       -1700.70076
       282         -2101.93952         401.23877       -1700.70075
       283         -2101.75877         401.05803       -1700.70074
       284         -2101.57711         400.87638       -1700.70073
       285         -2101.39473         400.69401       -1700.70072
       286         -2101.21184         400.51113       -1700.70071
       287         -2101.02864         400.32795       -1700.70070
       288         -2100.84533         400.14464       -1700.70069
       289         -2100.66209         399.96141       -1700.70068
       290         -2100.47915         399.77847       -1700.70067
       291         -2100.29670         399.59604       -1700.70066
       292         -2100.11497         399.41432       -1700.70064
       293         -2099.93416         399.23353       -1700.70063
       294         -2099.75447         399.05385       -1700.70063
       295         -2099.57609         398.87548       -1700.70061
       296         -2099.39923         398.69863       -1700.70060
       297         -2099.22408         398.52349       -1700.70059
       298         -2099.05085         398.35027       -1700.70058
       299         -2098.87972         398.17915       -1700.70057
       300         -2098.71086         398.01030       -1700.70056
       301         -2098.54446         397.84391       -1700.70055
       302         -2098.38071         397.68017       -1700.70054
       303         -2098.21977         397.51924       -1700.70053
       304         -2098.06182         397.36130       -1700.70052
       305         -2097.90701         397.20650       -1700.70051
       306         -2097.75551         397.05501       -1700.70050
       307         -2097.60747         396.90697       -1700.70050
       308         -2097.46300         396.76252       -1700.70049
       309         -2097.32224         396.62176       -1700.70048
       310         -2097.18532         396.48484       -1700.70047
       311         -2097.05236         396.35189       -1700.70047
       312         -2096.92345         396.22300       -1700.70046
       313         -2096.79870         396.09825       -1700.70045
       314         -2096.67820         395.97775       -1700.70044
       315         -2096.56201         395.86157       -1700.70044
       316         -2096.45021         395.74978       -1700.70043
       317         -2096.34286         395.64242       -1700.70044
       318         -2096.24000         395.53956       -1700.70044
       319         -2096.14167         395.44123       -1700.70043
       320         -2096.04791         395.34747       -1700.70043
       321         -2095.95873         395.25830       -1700.70043
       322         -2095.87414         395.17371       -1700.70043
       323         -2095.79412         395.09369       -1700.70043
       324         -2095.71866         395.01823       -1700.70043
       325         -2095.64776         394.94733       -1700.70043
       326         -2095.58139         394.88097       -1700.70043
       327         -2095.51954         394.81911       -1700.70043
       328         -2095.46214         394.76170       -1700.70043
       329         -2095.40915         394.70871       -1700.70044
       330         -2095.36052         394.66008       -1700.70044
       331         -2095.31617         394.61572       -1700.70045
       332         -2095.27602         394.57556       -1700.70046
       333         -2095.23999         394.53952       -1700.70047
       334         -2095.20801         394.50753       -1700.70048
       335         -2095.17997         394.47949       -1700.70048
       336         -2095.15576         394.45528       -1700.70048
       337         -2095.13529         394.43480       -1700.70049
       338         -2095.11843         394.41793       -1700.70050
       339         -2095.10506         394.40455       -1700.70051
       340         -2095.09508         394.39455       -1700.70053
       341         -2095.08836         394.38782       -1700.70054
       342         -2095.08476         394.38421       -1700.70055
       343         -2095.08415         394.38359       -1700.70056
       344         -2095.08639         394.38582       -1700.70057
       345         -2095.09135         394.39076       -1700.70059
       346         -2095.09887         394.39827       -1700.70060
       347         -2095.10878         394.40817       -1700.70061
       348         -2095.12092         394.42031       -1700.70062
       349         -2095.13515         394.43452       -1700.70063
       350         -2095.15132         394.45068       -1700.70064
       351         -2095.16930         394.46865       -1700.70065
       352         -2095.18892         394.48826       -1700.70066
       353         -2095.21003         394.50936       -1700.70067
       354         -2095.23249         394.53181       -1700.70068
       355         -2095.25616         394.55547       -1700.70069
       356         -2095.28083         394.58014       -1700.70070
       357         -2095.30637         394.60566       -1700.70070
       358         -2095.33261         394.63190       -1700.70071
       359         -2095.35940         394.65868       -1700.70072
       360         -2095.38660         394.68587       -1700.70073
       361         -2095.41407         394.71333       -1700.70074
       362         -2095.44166         394.74090       -1700.70075
       363         -2095.46920         394.76845       -1700.70076
       364         -2095.49659         394.79582       -1700.70077
       365         -2095.52367         394.82289       -1700.70078
       366         -2095.55029         394.84951       -1700.70079
       367         -2095.57631         394.87552       -1700.70079
       368         -2095.60160         394.90080       -1700.70080
       369         -2095.62602         394.92522       -1700.70080
       370         -2095.64945         394.94864       -1700.70081
       371         -2095.67175         394.97094       -1700.70081
       372         -2095.69280         394.99198       -1700.70082
       373         -2095.71249         395.01167       -1700.70082
       374         -2095.73071         395.02988       -1700.70083
       375         -2095.74735         395.04651       -1700.70084
       376         -2095.76232         395.06147       -1700.70085
       377         -2095.77551         395.07465       -1700.70085
       378         -2095.78681         395.08595       -1700.70087
       379         -2095.79614         395.09527       -1700.70087
       380         -2095.80342         395.10254       -1700.70088
       381         -2095.80855         395.10768       -1700.70088
       382         -2095.81147         395.11060       -1700.70088
       383         -2095.81211         395.11123       -1700.70088
       384         -2095.81040         395.10952       -1700.70088
       385         -2095.80627         395.10538       -1700.70089
       386         -2095.79966         395.09876       -1700.70090
       387         -2095.79049         395.08959       -1700.70090
       388         -2095.77874         395.07782       -1700.70092
       389         -2095.76434         395.06342       -1700.70092
       390         -2095.74728         395.04635       -1700.70092
       391         -2095.72752         395.02659       -1700.70093
       392         -2095.70504         395.00410       -1700.70093
       393         -2095.67982         394.97889       -1700.70093
       394         -2095.65186         394.95093       -1700.70093
       395         -2095.62114         394.92021       -1700.70094
       396         -2095.58767         394.88674       -1700.70094
       397         -2095.55145         394.85052       -1700.70093
       398         -2095.51248         394.81155       -1700.70093
       399         -2095.47078         394.76984       -1700.70093
       400         -2095.42635         394.72542       -1700.70093
       401         -2095.37922         394.67829       -1700.70093
       402         -2095.32943         394.62850       -1700.70093
       403         -2095.27698         394.57606       -1700.70092
       404         -2095.22193         394.52101       -1700.70092
       405         -2095.16431         394.46339       -1700.70092
       406         -2095.10415         394.40325       -1700.70091
       407         -2095.04155         394.34065       -1700.70090
       408         -2094.97656         394.27566       -1700.70090
       409         -2094.90922         394.20833       -1700.70090
       410         -2094.83962         394.13873       -1700.70090
       411         -2094.76782         394.06692       -1700.70089
       412         -2094.69388         393.99299       -1700.70089
       413         -2094.61790         393.91701       -1700.70089
       414         -2094.53994         393.83906       -1700.70089
       415         -2094.46010         393.75922       -1700.70088
       416         -2094.37845         393.67758       -1700.70087
       417         -2094.29506         393.59419       -1700.70086
       418         -2094.21001         393.50915       -1700.70086
       419         -2094.12343         393.42257       -1700.70085
       420         -2094.03540         393.33455       -1700.70085
       421         -2093.94601         393.24517       -1700.70084
       422         -2093.85534         393.15451       -1700.70084
       423         -2093.76350         393.06266       -1700.70084
       424         -2093.67056         392.96974       -1700.70083
       425         -2093.57663         392.87581       -1700.70082
       426         -2093.48180         392.78098       -1700.70082
       427         -2093.38615         392.68534       -1700.70081
       428         -2093.28979         392.58899       -1700.70080
       429         -2093.19280         392.49200       -1700.70080
       430         -2093.09527         392.39448       -1700.70079
       431         -2092.99730         392.29651       -1700.70079
       432         -2092.89896         392.19818       -1700.70078
       433         -2092.80033         392.09956       -1700.70077
       434         -2092.70152         392.00075       -1700.70077
       435         -2092.60261         391.90184       -1700.70077
       436         -2092.50368         391.80290       -1700.70078
       437         -2092.40478         391.70401       -1700.70077
       438         -2092.30599         391.60524       -1700.70076
       439         -2092.20743         391.50667       -1700.70076
       440         -2092.10913         391.40838       -1700.70076
       441         -2092.01118         391.31043       -1700.70075
       442         -2091.91365         391.21290       -1700.70075
       443         -2091.81659         391.11584       -1700.70075
       444         -2091.72010         391.01935       -1700.70075
       445         -2091.62420         390.92346       -1700.70074
       446         -2091.52896         390.82821       -1700.70075
       447         -2091.43440         390.73365       -1700.70075
       448         -2091.34060         390.63985       -1700.70075
       449         -2091.24762         390.54687       -1700.70074
       450         -2091.15550         390.45476       -1700.70075
       451         -2091.06427         390.36354       -1700.70073
       452         -2090.97398         390.27325       -1700.70073
       453         -2090.88468         390.18395       -1700.70073
       454         -2090.79639         390.09566       -1700.70073
       455         -2090.70916         390.00843       -1700.70073
       456         -2090.62304         389.92230       -1700.70073
       457         -2090.53805         389.83732       -1700.70073
       458         -2090.45423         389.75350       -1700.70073
       459         -2090.37163         389.67090       -1700.70073
       460         -2090.29029         389.58956       -1700.70073
       461         -2090.21023         389.50950       -1700.70073
       462         -2090.13150         389.43077       -1700.70073
       463         -2090.05412         389.35339       -1700.70073
       464         -2089.97811         389.27738       -1700.70073
       465         -2089.90350         389.20277       -1700.70072
       466         -2089.83032         389.12960       -1700.70072
       467         -2089.75860         389.05788       -1700.70072
       468         -2089.68837         388.98766       -1700.70072
       469         -2089.61967         388.91896       -1700.70071
       470         -2089.55253         388.85183       -1700.70071
       471         -2089.48700         388.78629       -1700.70071
       472         -2089.42310         388.72238       -1700.70072
       473         -2089.36085         388.66013       -1700.70072
       474         -2089.30027         388.59956       -1700.70071
       475         -2089.24141         388.54070       -1700.70072
       476         -2089.18432         388.48360       -1700.70072
       477         -2089.12902         388.42830       -1700.70072
       478         -2089.07553         388.37482       -1700.70071
       479         -2089.02388         388.32318       -1700.70071
       480         -2088.97412         388.27341       -1700.70070
       481         -2088.92628         388.22558       -1700.70070
       482         -2088.88039         388.17969       -1700.70070
       483         -2088.83647         388.13577       -1700.70069
       484         -2088.79456         388.09388       -1700.70069
       485         -2088.75471         388.05403       -1700.70068
       486         -2088.71694         388.01626       -1700.70068
       487         -2088.68129         387.98062       -1700.70067
       488         -2088.64780         387.94713       -1700.70068
       489         -2088.61649         387.91582       -1700.70067
       490         -2088.58741         387.88673       -1700.70068
       491         -2088.56057         387.85990       -1700.70068
       492         -2088.53600         387.83532       -1700.70067
       493         -2088.51372         387.81305       -1700.70067
       494         -2088.49378         387.79311       -1700.70067
       495         -2088.47619         387.77552       -1700.70067
       496         -2088.46098         387.76032       -1700.70067
       497         -2088.44821         387.74754       -1700.70067
       498         -2088.43788         387.73721       -1700.70067
       499         -2088.43001         387.72935       -1700.70067
       500         -2088.42463         387.72397       -1700.70066
       501         -2088.42175         387.72109       -1700.70066
       502         -2088.42137         387.72071       -1700.70066
       503         -2088.42350         387.72285       -1700.70065
       504         -2088.42817         387.72752       -1700.70065
       505         -2088.43540         387.73476       -1700.70064
       506         -2088.44518         387.74454       -1700.70064
       507         -2088.45752         387.75688       -1700.70064
       508         -2088.47240         387.77176       -1700.70064
       509         -2088.48985         387.78921       -1700.70065
       510         -2088.50985         387.80921       -1700.70064
       511         -2088.53239         387.83175       -1700.70064
       512         -2088.55747         387.85683       -1700.70064
       513         -2088.58509         387.88445       -1700.70064
       514         -2088.61523         387.91459       -1700.70064
       515         -2088.64787         387.94723       -1700.70064
       516         -2088.68302         387.98238       -1700.70064
       517         -2088.72064         388.02000       -1700.70064
       518         -2088.76073         388.06009       -1700.70064
       519         -2088.80328         388.10265       -1700.70064
       520         -2088.84826         388.14763       -1700.70063
       521         -2088.89566         388.19502       -1700.70064
       522         -2088.94546         388.24483       -1700.70063
       523         -2088.99764         388.29700       -1700.70064
       524         -2089.05213         388.35149       -1700.70065
       525         -2089.10889         388.40825       -1700.70064
       526         -2089.16793         388.46728       -1700.70064
       527         -2089.22919         388.52855       -1700.70064
       528         -2089.29265         388.59202       -1700.70064
       529         -2089.35830         388.65766       -1700.70064
       530         -2089.42611         388.72548       -1700.70063
       531         -2089.49607         388.79542       -1700.70064
       532         -2089.56813         388.86749       -1700.70064
       533         -2089.64228         388.94164       -1700.70064
       534         -2089.71848         389.01784       -1700.70064
       535         -2089.79670         389.09606       -1700.70064
       536         -2089.87693         389.17629       -1700.70064
       537         -2089.95912         389.25848       -1700.70064
       538         -2090.04327         389.34263       -1700.70064
       539         -2090.12935         389.42871       -1700.70065
       540         -2090.21734         389.51669       -1700.70065
       541         -2090.30719         389.60654       -1700.70064
       542         -2090.39889         389.69825       -1700.70064
       543         -2090.49242         389.79177       -1700.70065
       544         -2090.58774         389.88709       -1700.70065
       545         -2090.68484         389.98419       -1700.70065
       546         -2090.78368         390.08303       -1700.70065
       547         -2090.88426         390.18361       -1700.70065
       548         -2090.98657         390.28591       -1700.70066
       549         -2091.09057         390.38990       -1700.70067
       550         -2091.19621         390.49554       -1700.70067
       551         -2091.30348         390.60280       -1700.70067
       552         -2091.41233         390.71166       -1700.70067
       553         -2091.52275         390.82208       -1700.70067
       554         -2091.63471         390.93404       -1700.70067
       555         -2091.74818         391.04750       -1700.70067
       556         -2091.86313         391.16246       -1700.70067
       557         -2091.97952         391.27885       -1700.70067
       558         -2092.09729         391.39662       -1700.70067
       559         -2092.21640         391.51573       -1700.70067
       560         -2092.33682         391.63615       -1700.70067
       561         -2092.45850         391.75783       -1700.70067
       562         -2092.58140         391.88073       -1700.70068
       563         -2092.70547         392.00479       -1700.70068
       564         -2092.83065         392.12997       -1700.70068
       565         -2092.95689         392.25621       -1700.70068
       566         -2093.08412         392.38345       -1700.70067
       567         -2093.21231         392.51163       -1700.70067
       568         -2093.34138         392.64070       -1700.70068
       569         -2093.47128         392.77060       -1700.70068
       570         -2093.60196         392.90129       -1700.70068
       571         -2093.73337         393.03269       -1700.70068
       572         -2093.86542         393.16474       -1700.70069
       573         -2093.99806         393.29737       -1700.70069
       574         -2094.13120         393.43051       -1700.70069
       575         -2094.26481         393.56412       -1700.70069
       576         -2094.39882         393.69813       -1700.70069
       577         -2094.53315         393.83246       -1700.70070
       578         -2094.66773         393.96703       -1700.70070
       579         -2094.80249         394.10178       -1700.70071
       580         -2094.93738         394.23666       -1700.70071
       581         -2095.07233         394.37162       -1700.70071
       582         -2095.20731         394.50660       -1700.70071
       583         -2095.34224         394.64154       -1700.70071
       584         -2095.47708         394.77637       -1700.70071
       585         -2095.61171         394.91101       -1700.70070
       586         -2095.74611         395.04540       -1700.70071
       587         -2095.88019         395.17948       -1700.70071
       588         -2096.01390         395.31319       -1700.70071
       589         -2096.14719         395.44648       -1700.70071
       590         -2096.28000         395.57929       -1700.70072
       591         -2096.41227         395.71155       -1700.70072
       592         -2096.54393         395.84321       -1700.70072
       593         -2096.67490         395.97418       -1700.70072
       594         -2096.80513         396.10440       -1700.70073
       595         -2096.93455         396.23381       -1700.70073
       596         -2097.06309         396.36236       -1700.70074
       597         -2097.19071         396.48996       -1700.70074
       598         -2097.31731         396.61656       -1700.70075
       599         -2097.44285         396.74209       -1700.70075
       600         -2097.56724         396.86649       -1700.70075
Time (in sec):         3.35
