                               No. of Molecules =     1600
                  No. of Atoms in Each Molecule =        1
                                      Time Step =          1.0000
                                No. of MD Steps =      600
                            Desired Temperature =         85.0000
                            Cubix Box Dimension =         43.3212
                   Lennard-Jones Parameters eps =          0.2381    Sigms          3.4050
      Cutoff for Lennard-Jones potential (RCut) =         10.0000
                                Mass of LJ Atom =         39.9480




Temperature is set to       85.000
Initial potential en       -1964.05945
        Step              PE              KE                TE 
         1         -1964.03008         405.10952       -1558.92055
         2         -1964.00238         405.08183       -1558.92055
         3         -1963.97635         405.05580       -1558.92055
         4         -1963.95201         405.03145       -1558.92056
         5         -1963.92933         405.00878       -1558.92055
         6         -1963.90837         404.98781       -1558.92056
         7         -1963.88912         404.96856       -1558.92056
         8         -1963.87160         404.95105       -1558.92056
         9         -1963.85586         404.93529       -1558.92056
        10         -1963.84191         404.92134       -1558.92056
        11         -1963.82979         404.90923       -1558.92056
        12         -1963.81953         404.89897       -1558.92056
        13         -1963.81114         404.89058       -1558.92056
        14         -1963.80469         404.88413       -1558.92056
        15         -1963.80020         404.87964       -1558.92056
        16         -1963.79772         404.87717       -1558.92055
        17         -1963.79732         404.87677       -1558.92055
        18         -1963.79904         404.87849       -1558.92055
        19         -1963.80292         404.88238       -1558.92054
        20         -1963.80903         404.88849       -1558.92054
        21         -1963.81741         404.89687       -1558.92053
        22         -1963.82810         404.90757       -1558.92053
        23         -1963.84119         404.92067       -1558.92053
        24         -1963.85673         404.93620       -1558.92053
        25         -1963.87478         404.95425       -1558.92053
        26         -1963.89540         404.97487       -1558.92053
        27         -1963.91865         404.99813       -1558.92052
        28         -1963.94461         405.02410       -1558.92051
        29         -1963.97332         405.05281       -1558.92051
        30         -1964.00484         405.08434       -1558.92050
        31         -1964.03926         405.11875       -1558.92050
        32         -1964.07660         405.15610       -1558.92050
        33         -1964.11691         405.19642       -1558.92049
        34         -1964.16025         405.23976       -1558.92049
        35         -1964.20668         405.28619       -1558.92049
        36         -1964.25624         405.33575       -1558.92049
        37         -1964.30896         405.38848       -1558.92049
        38         -1964.36490         405.44442       -1558.92048
        39         -1964.42409         405.50361       -1558.92048
        40         -1964.48656         405.56608       -1558.92048
        41         -1964.55232         405.63185       -1558.92047
        42         -1964.62142         405.70095       -1558.92047
        43         -1964.69386         405.77340       -1558.92047
        44         -1964.76969         405.84921       -1558.92047
        45         -1964.84886         405.92839       -1558.92048
        46         -1964.93139         406.01092       -1558.92047
        47         -1965.01730         406.09683       -1558.92047
        48         -1965.10657         406.18609       -1558.92047
        49         -1965.19917         406.27869       -1558.92048
        50         -1965.29508         406.37460       -1558.92048
        51         -1965.39428         406.47380       -1558.92048
        52         -1965.49670         406.57622       -1558.92049
        53         -1965.60230         406.68181       -1558.92049
        54         -1965.71103         406.79054       -1558.92049
        55         -1965.82286         406.90235       -1558.92050
        56         -1965.93771         407.01720       -1558.92051
        57         -1966.05551         407.13500       -1558.92052
        58         -1966.17617         407.25565       -1558.92052
        59         -1966.29963         407.37910       -1558.92053
        60         -1966.42576         407.50523       -1558.92053
        61         -1966.55448         407.63396       -1558.92053
        62         -1966.68569         407.76515       -1558.92054
        63         -1966.81925         407.89870       -1558.92055
        64         -1966.95505         408.03450       -1558.92055
        65         -1967.09299         408.17242       -1558.92057
        66         -1967.23292         408.31234       -1558.92058
        67         -1967.37471         408.45413       -1558.92058
        68         -1967.51822         408.59764       -1558.92058
        69         -1967.66332         408.74273       -1558.92059
        70         -1967.80988         408.88928       -1558.92060
        71         -1967.95776         409.03714       -1558.92062
        72         -1968.10681         409.18617       -1558.92064
        73         -1968.25685         409.33621       -1558.92065
        74         -1968.40774         409.48708       -1558.92067
        75         -1968.55934         409.63867       -1558.92067
        76         -1968.71151         409.79083       -1558.92068
        77         -1968.86407         409.94338       -1558.92069
        78         -1969.01686         410.09616       -1558.92070
        79         -1969.16974         410.24903       -1558.92070
        80         -1969.32253         410.40182       -1558.92071
        81         -1969.47511         410.55438       -1558.92073
        82         -1969.62730         410.70656       -1558.92074
        83         -1969.77898         410.85823       -1558.92075
        84         -1969.92998         411.00923       -1558.92075
        85         -1970.08019         411.15943       -1558.92077
        86         -1970.22946         411.30869       -1558.92077
        87         -1970.37764         411.45686       -1558.92078
        88         -1970.52461         411.60383       -1558.92079
        89         -1970.67025         411.74945       -1558.92080
        90         -1970.81441         411.89360       -1558.92080
        91         -1970.95698         412.03617       -1558.92082
        92         -1971.09785         412.17702       -1558.92083
        93         -1971.23689         412.31606       -1558.92083
        94         -1971.37401         412.45318       -1558.92083
        95         -1971.50912         412.58828       -1558.92084
        96         -1971.64211         412.72127       -1558.92084
        97         -1971.77292         412.85207       -1558.92085
        98         -1971.90147         412.98061       -1558.92086
        99         -1972.02771         413.10685       -1558.92086
       100         -1972.15158         413.23071       -1558.92087
       101         -1972.27301         413.35213       -1558.92087
       102         -1972.39192         413.47104       -1558.92088
       103         -1972.50826         413.58738       -1558.92088
       104         -1972.62197         413.70109       -1558.92088
       105         -1972.73303         413.81215       -1558.92088
       106         -1972.84141         413.92052       -1558.92088
       107         -1972.94709         414.02621       -1558.92088
       108         -1973.05008         414.12920       -1558.92088
       109         -1973.15034         414.22946       -1558.92088
       110         -1973.24788         414.32700       -1558.92088
       111         -1973.34270         414.42182       -1558.92088
       112         -1973.43483         414.51395       -1558.92088
       113         -1973.52427         414.60339       -1558.92089
       114         -1973.61103         414.69015       -1558.92088
       115         -1973.69516         414.77428       -1558.92087
       116         -1973.77667         414.85580       -1558.92087
       117         -1973.85559         414.93472       -1558.92087
       118         -1973.93197         415.01111       -1558.92086
       119         -1974.00586         415.08500       -1558.92085
       120         -1974.07728         415.15644       -1558.92084
       121         -1974.14633         415.22548       -1558.92084
       122         -1974.21303         415.29219       -1558.92084
       123         -1974.27746         415.35662       -1558.92084
       124         -1974.33967         415.41884       -1558.92083
       125         -1974.39974         415.47891       -1558.92083
       126         -1974.45772         415.53689       -1558.92083
       127         -1974.51369         415.59286       -1558.92082
       128         -1974.56772         415.64691       -1558.92081
       129         -1974.61992         415.69911       -1558.92081
       130         -1974.67035         415.74954       -1558.92081
       131         -1974.71909         415.79828       -1558.92081
       132         -1974.76618         415.84538       -1558.92080
       133         -1974.81175         415.89094       -1558.92080
       134         -1974.85585         415.93506       -1558.92080
       135         -1974.89857         415.97778       -1558.92079
       136         -1974.94000         416.01921       -1558.92079
       137         -1974.98022         416.05943       -1558.92079
       138         -1975.01930         416.09852       -1558.92078
       139         -1975.05733         416.13655       -1558.92078
       140         -1975.09437         416.17360       -1558.92077
       141         -1975.13050         416.20973       -1558.92077
       142         -1975.16577         416.24501       -1558.92076
       143         -1975.20028         416.27953       -1558.92075
       144         -1975.23409         416.31335       -1558.92074
       145         -1975.26729         416.34655       -1558.92074
       146         -1975.29993         416.37919       -1558.92073
       147         -1975.33207         416.41134       -1558.92073
       148         -1975.36381         416.44309       -1558.92072
       149         -1975.39522         416.47449       -1558.92073
       150         -1975.42631         416.50558       -1558.92072
       151         -1975.45713         416.53641       -1558.92072
       152         -1975.48773         416.56701       -1558.92072
       153         -1975.51816         416.59744       -1558.92072
       154         -1975.54847         416.62775       -1558.92072
       155         -1975.57871         416.65799       -1558.92072
       156         -1975.60892         416.68819       -1558.92073
       157         -1975.63911         416.71839       -1558.92072
       158         -1975.66931         416.74858       -1558.92072
       159         -1975.69952         416.77879       -1558.92072
       160         -1975.72976         416.80904       -1558.92072
       161         -1975.76007         416.83934       -1558.92072
       162         -1975.79044         416.86971       -1558.92073
       163         -1975.82088         416.90016       -1558.92072
       164         -1975.85141         416.93068       -1558.92073
       165         -1975.88201         416.96128       -1558.92073
       166         -1975.91267         416.99195       -1558.92073
       167         -1975.94341         417.02268       -1558.92073
       168         -1975.97420         417.05346       -1558.92073
       169         -1976.00501         417.08428       -1558.92073
       170         -1976.03584         417.11510       -1558.92074
       171         -1976.06667         417.14593       -1558.92074
       172         -1976.09746         417.17673       -1558.92073
       173         -1976.12819         417.20745       -1558.92074
       174         -1976.15881         417.23806       -1558.92075
       175         -1976.18928         417.26853       -1558.92075
       176         -1976.21956         417.29880       -1558.92076
       177         -1976.24960         417.32884       -1558.92076
       178         -1976.27936         417.35859       -1558.92077
       179         -1976.30878         417.38800       -1558.92078
       180         -1976.33780         417.41703       -1558.92078
       181         -1976.36639         417.44561       -1558.92078
       182         -1976.39445         417.47366       -1558.92079
       183         -1976.42192         417.50113       -1558.92079
       184         -1976.44874         417.52795       -1558.92079
       185         -1976.47483         417.55403       -1558.92080
       186         -1976.50013         417.57932       -1558.92081
       187         -1976.52457         417.60375       -1558.92082
       188         -1976.54807         417.62725       -1558.92082
       189         -1976.57056         417.64974       -1558.92083
       190         -1976.59197         417.67114       -1558.92083
       191         -1976.61221         417.69138       -1558.92083
       192         -1976.63123         417.71039       -1558.92084
       193         -1976.64892         417.72808       -1558.92084
       194         -1976.66521         417.74437       -1558.92085
       195         -1976.68004         417.75919       -1558.92085
       196         -1976.69332         417.77247       -1558.92085
       197         -1976.70500         417.78414       -1558.92086
       198         -1976.71498         417.79412       -1558.92087
       199         -1976.72320         417.80232       -1558.92087
       200         -1976.72958         417.80870       -1558.92087
       201         -1976.73406         417.81318       -1558.92088
       202         -1976.73657         417.81570       -1558.92087
       203         -1976.73705         417.81617       -1558.92088
       204         -1976.73542         417.81453       -1558.92088
       205         -1976.73162         417.81073       -1558.92088
       206         -1976.72561         417.80471       -1558.92089
       207         -1976.71730         417.79641       -1558.92089
       208         -1976.70665         417.78576       -1558.92089
       209         -1976.69361         417.77271       -1558.92089
       210         -1976.67814         417.75725       -1558.92089
       211         -1976.66021         417.73932       -1558.92089
       212         -1976.63977         417.71887       -1558.92090
       213         -1976.61676         417.69586       -1558.92090
       214         -1976.59116         417.67026       -1558.92090
       215         -1976.56297         417.64207       -1558.92090
       216         -1976.53216         417.61126       -1558.92090
       217         -1976.49870         417.57780       -1558.92090
       218         -1976.46260         417.54169       -1558.92090
       219         -1976.42381         417.50291       -1558.92091
       220         -1976.38233         417.46143       -1558.92091
       221         -1976.33819         417.41728       -1558.92091
       222         -1976.29137         417.37047       -1558.92090
       223         -1976.24190         417.32100       -1558.92090
       224         -1976.18978         417.26888       -1558.92090
       225         -1976.13501         417.21411       -1558.92090
       226         -1976.07762         417.15672       -1558.92089
       227         -1976.01763         417.09674       -1558.92089
       228         -1975.95510         417.03420       -1558.92089
       229         -1975.89005         416.96915       -1558.92089
       230         -1975.82254         416.90165       -1558.92089
       231         -1975.75260         416.83171       -1558.92089
       232         -1975.68027         416.75938       -1558.92089
       233         -1975.60561         416.68472       -1558.92089
       234         -1975.52867         416.60778       -1558.92089
       235         -1975.44951         416.52863       -1558.92089
       236         -1975.36822         416.44734       -1558.92088
       237         -1975.28486         416.36398       -1558.92088
       238         -1975.19951         416.27863       -1558.92088
       239         -1975.11221         416.19134       -1558.92087
       240         -1975.02308         416.10221       -1558.92087
       241         -1974.93217         416.01131       -1558.92086
       242         -1974.83957         415.91871       -1558.92085
       243         -1974.74535         415.82450       -1558.92085
       244         -1974.64961         415.72876       -1558.92084
       245         -1974.55242         415.63158       -1558.92084
       246         -1974.45392         415.53308       -1558.92084
       247         -1974.35417         415.43334       -1558.92083
       248         -1974.25327         415.33244       -1558.92083
       249         -1974.15131         415.23049       -1558.92082
       250         -1974.04841         415.12759       -1558.92082
       251         -1973.94465         415.02383       -1558.92082
       252         -1973.84014         414.91932       -1558.92082
       253         -1973.73498         414.81418       -1558.92080
       254         -1973.62930         414.70851       -1558.92079
       255         -1973.52320         414.60241       -1558.92079
       256         -1973.41677         414.49598       -1558.92079
       257         -1973.31012         414.38933       -1558.92079
       258         -1973.20335         414.28257       -1558.92078
       259         -1973.09658         414.17581       -1558.92077
       260         -1972.98992         414.06916       -1558.92076
       261         -1972.88346         413.96270       -1558.92076
       262         -1972.77730         413.85655       -1558.92075
       263         -1972.67156         413.75082       -1558.92074
       264         -1972.56637         413.64563       -1558.92074
       265         -1972.46181         413.54108       -1558.92073
       266         -1972.35800         413.43727       -1558.92073
       267         -1972.25504         413.33432       -1558.92072
       268         -1972.15304         413.23233       -1558.92071
       269         -1972.05212         413.13142       -1558.92070
       270         -1971.95239         413.03169       -1558.92070
       271         -1971.85395         412.93326       -1558.92069
       272         -1971.75689         412.83621       -1558.92068
       273         -1971.66129         412.74062       -1558.92068
       274         -1971.56727         412.64660       -1558.92067
       275         -1971.47493         412.55427       -1558.92066
       276         -1971.38436         412.46371       -1558.92065
       277         -1971.29565         412.37500       -1558.92065
       278         -1971.20889         412.28824       -1558.92064
       279         -1971.12418         412.20355       -1558.92063
       280         -1971.04164         412.12101       -1558.92063
       281         -1970.96135         412.04073       -1558.92062
       282         -1970.88338         411.96276       -1558.92062
       283         -1970.80777         411.88716       -1558.92061
       284         -1970.73462         411.81401       -1558.92061
       285         -1970.66400         411.74339       -1558.92060
       286         -1970.59597         411.67537       -1558.92060
       287         -1970.53061         411.61001       -1558.92060
       288         -1970.46798         411.54738       -1558.92059
       289         -1970.40815         411.48756       -1558.92059
       290         -1970.35119         411.43059       -1558.92059
       291         -1970.29713         411.37653       -1558.92060
       292         -1970.24602         411.32543       -1558.92059
       293         -1970.19789         411.27731       -1558.92058
       294         -1970.15280         411.23222       -1558.92058
       295         -1970.11075         411.19017       -1558.92057
       296         -1970.07175         411.15119       -1558.92057
       297         -1970.03588         411.11531       -1558.92057
       298         -1970.00313         411.08256       -1558.92058
       299         -1969.97354         411.05296       -1558.92058
       300         -1969.94707         411.02649       -1558.92058
       301         -1969.92374         411.00316       -1558.92058
       302         -1969.90356         410.98297       -1558.92058
       303         -1969.88650         410.96592       -1558.92058
       304         -1969.87257         410.95199       -1558.92058
       305         -1969.86174         410.94116       -1558.92058
       306         -1969.85399         410.93341       -1558.92058
       307         -1969.84931         410.92873       -1558.92058
       308         -1969.84764         410.92705       -1558.92059
       309         -1969.84894         410.92835       -1558.92059
       310         -1969.85318         410.93260       -1558.92059
       311         -1969.86032         410.93973       -1558.92059
       312         -1969.87028         410.94968       -1558.92060
       313         -1969.88299         410.96239       -1558.92061
       314         -1969.89838         410.97778       -1558.92061
       315         -1969.91641         410.99580       -1558.92061
       316         -1969.93700         411.01638       -1558.92062
       317         -1969.96009         411.03945       -1558.92063
       318         -1969.98555         411.06491       -1558.92065
       319         -1970.01330         411.09265       -1558.92065
       320         -1970.04326         411.12261       -1558.92065
       321         -1970.07532         411.15465       -1558.92067
       322         -1970.10936         411.18868       -1558.92067
       323         -1970.14527         411.22459       -1558.92068
       324         -1970.18297         411.26228       -1558.92068
       325         -1970.22235         411.30166       -1558.92069
       326         -1970.26330         411.34260       -1558.92070
       327         -1970.30570         411.38500       -1558.92070
       328         -1970.34947         411.42877       -1558.92070
       329         -1970.39448         411.47377       -1558.92071
       330         -1970.44060         411.51989       -1558.92071
       331         -1970.48774         411.56702       -1558.92072
       332         -1970.53577         411.61504       -1558.92073
       333         -1970.58459         411.66385       -1558.92074
       334         -1970.63410         411.71334       -1558.92075
       335         -1970.68414         411.76337       -1558.92076
       336         -1970.73460         411.81384       -1558.92076
       337         -1970.78540         411.86462       -1558.92077
       338         -1970.83640         411.91562       -1558.92078
       339         -1970.88749         411.96671       -1558.92078
       340         -1970.93857         412.01779       -1558.92078
       341         -1970.98956         412.06877       -1558.92079
       342         -1971.04034         412.11955       -1558.92080
       343         -1971.09082         412.17001       -1558.92081
       344         -1971.14089         412.22008       -1558.92081
       345         -1971.19046         412.26964       -1558.92082
       346         -1971.23942         412.31860       -1558.92083
       347         -1971.28771         412.36687       -1558.92084
       348         -1971.33526         412.41441       -1558.92085
       349         -1971.38198         412.46113       -1558.92085
       350         -1971.42779         412.50693       -1558.92086
       351         -1971.47262         412.55175       -1558.92086
       352         -1971.51638         412.59551       -1558.92086
       353         -1971.55904         412.63817       -1558.92087
       354         -1971.60053         412.67966       -1558.92087
       355         -1971.64082         412.71995       -1558.92088
       356         -1971.67987         412.75899       -1558.92088
       357         -1971.71761         412.79673       -1558.92088
       358         -1971.75404         412.83315       -1558.92089
       359         -1971.78912         412.86823       -1558.92089
       360         -1971.82281         412.90192       -1558.92089
       361         -1971.85511         412.93421       -1558.92089
       362         -1971.88599         412.96510       -1558.92089
       363         -1971.91545         412.99456       -1558.92089
       364         -1971.94345         413.02256       -1558.92089
       365         -1971.97000         413.04911       -1558.92089
       366         -1971.99512         413.07422       -1558.92089
       367         -1972.01878         413.09790       -1558.92088
       368         -1972.04101         413.12013       -1558.92087
       369         -1972.06180         413.14094       -1558.92087
       370         -1972.08118         413.16032       -1558.92086
       371         -1972.09917         413.17832       -1558.92085
       372         -1972.11583         413.19497       -1558.92086
       373         -1972.13116         413.21030       -1558.92085
       374         -1972.14519         413.22434       -1558.92085
       375         -1972.15795         413.23711       -1558.92085
       376         -1972.16950         413.24865       -1558.92085
       377         -1972.17984         413.25900       -1558.92085
       378         -1972.18902         413.26818       -1558.92084
       379         -1972.19708         413.27623       -1558.92085
       380         -1972.20404         413.28320       -1558.92084
       381         -1972.20997         413.28913       -1558.92084
       382         -1972.21489         413.29406       -1558.92084
       383         -1972.21888         413.29805       -1558.92083
       384         -1972.22197         413.30114       -1558.92083
       385         -1972.22421         413.30338       -1558.92083
       386         -1972.22562         413.30480       -1558.92083
       387         -1972.22626         413.30544       -1558.92082
       388         -1972.22618         413.30537       -1558.92081
       389         -1972.22541         413.30460       -1558.92081
       390         -1972.22401         413.30320       -1558.92081
       391         -1972.22202         413.30120       -1558.92082
       392         -1972.21949         413.29867       -1558.92082
       393         -1972.21646         413.29564       -1558.92082
       394         -1972.21297         413.29216       -1558.92081
       395         -1972.20906         413.28825       -1558.92081
       396         -1972.20476         413.28395       -1558.92080
       397         -1972.20010         413.27931       -1558.92080
       398         -1972.19515         413.27436       -1558.92079
       399         -1972.18992         413.26913       -1558.92079
       400         -1972.18443         413.26364       -1558.92079
       401         -1972.17870         413.25791       -1558.92079
       402         -1972.17276         413.25198       -1558.92078
       403         -1972.16666         413.24588       -1558.92078
       404         -1972.16042         413.23964       -1558.92078
       405         -1972.15408         413.23329       -1558.92079
       406         -1972.14765         413.22687       -1558.92079
       407         -1972.14119         413.22040       -1558.92079
       408         -1972.13470         413.21392       -1558.92079
       409         -1972.12821         413.20742       -1558.92079
       410         -1972.12171         413.20092       -1558.92079
       411         -1972.11522         413.19443       -1558.92079
       412         -1972.10875         413.18796       -1558.92079
       413         -1972.10235         413.18156       -1558.92079
       414         -1972.09603         413.17523       -1558.92080
       415         -1972.08978         413.16897       -1558.92080
       416         -1972.08362         413.16282       -1558.92081
       417         -1972.07757         413.15677       -1558.92080
       418         -1972.07167         413.15086       -1558.92080
       419         -1972.06592         413.14511       -1558.92081
       420         -1972.06034         413.13954       -1558.92080
       421         -1972.05496         413.13416       -1558.92081
       422         -1972.04979         413.12898       -1558.92081
       423         -1972.04485         413.12404       -1558.92080
       424         -1972.04017         413.11937       -1558.92080
       425         -1972.03577         413.11497       -1558.92080
       426         -1972.03165         413.11086       -1558.92080
       427         -1972.02785         413.10706       -1558.92080
       428         -1972.02440         413.10360       -1558.92080
       429         -1972.02131         413.10052       -1558.92079
       430         -1972.01862         413.09783       -1558.92079
       431         -1972.01636         413.09558       -1558.92078
       432         -1972.01456         413.09378       -1558.92079
       433         -1972.01323         413.09245       -1558.92078
       434         -1972.01241         413.09163       -1558.92078
       435         -1972.01214         413.09136       -1558.92078
       436         -1972.01242         413.09164       -1558.92078
       437         -1972.01329         413.09251       -1558.92078
       438         -1972.01478         413.09400       -1558.92078
       439         -1972.01689         413.09612       -1558.92077
       440         -1972.01967         413.09891       -1558.92077
       441         -1972.02316         413.10239       -1558.92077
       442         -1972.02735         413.10658       -1558.92076
       443         -1972.03226         413.11149       -1558.92077
       444         -1972.03791         413.11715       -1558.92077
       445         -1972.04432         413.12356       -1558.92076
       446         -1972.05151         413.13075       -1558.92077
       447         -1972.05947         413.13871       -1558.92076
       448         -1972.06819         413.14743       -1558.92077
       449         -1972.07766         413.15689       -1558.92077
       450         -1972.08789         413.16713       -1558.92076
       451         -1972.09890         413.17813       -1558.92077
       452         -1972.11065         413.18988       -1558.92078
       453         -1972.12313         413.20235       -1558.92077
       454         -1972.13631         413.21554       -1558.92078
       455         -1972.15018         413.22940       -1558.92078
       456         -1972.16468         413.24391       -1558.92077
       457         -1972.17979         413.25902       -1558.92078
       458         -1972.19547         413.27468       -1558.92079
       459         -1972.21165         413.29085       -1558.92080
       460         -1972.22827         413.30748       -1558.92080
       461         -1972.24528         413.32448       -1558.92080
       462         -1972.26262         413.34182       -1558.92080
       463         -1972.28023         413.35942       -1558.92081
       464         -1972.29802         413.37721       -1558.92082
       465         -1972.31593         413.39511       -1558.92082
       466         -1972.33388         413.41305       -1558.92083
       467         -1972.35178         413.43094       -1558.92084
       468         -1972.36952         413.44868       -1558.92085
       469         -1972.38702         413.46617       -1558.92085
       470         -1972.40419         413.48334       -1558.92085
       471         -1972.42094         413.50008       -1558.92086
       472         -1972.43717         413.51631       -1558.92086
       473         -1972.45280         413.53192       -1558.92087
       474         -1972.46770         413.54682       -1558.92088
       475         -1972.48178         413.56089       -1558.92089
       476         -1972.49491         413.57402       -1558.92090
       477         -1972.50701         413.58612       -1558.92089
       478         -1972.51799         413.59710       -1558.92089
       479         -1972.52773         413.60684       -1558.92089
       480         -1972.53614         413.61524       -1558.92090
       481         -1972.54312         413.62222       -1558.92090
       482         -1972.54857         413.62767       -1558.92090
       483         -1972.55239         413.63148       -1558.92091
       484         -1972.55448         413.63356       -1558.92092
       485         -1972.55476         413.63384       -1558.92092
       486         -1972.55317         413.63225       -1558.92092
       487         -1972.54965         413.62871       -1558.92093
       488         -1972.54411         413.62317       -1558.92094
       489         -1972.53647         413.61553       -1558.92094
       490         -1972.52668         413.60574       -1558.92094
       491         -1972.51467         413.59372       -1558.92095
       492         -1972.50037         413.57943       -1558.92094
       493         -1972.48376         413.56282       -1558.92094
       494         -1972.46479         413.54384       -1558.92095
       495         -1972.44338         413.52242       -1558.92095
       496         -1972.41947         413.49851       -1558.92096
       497         -1972.39307         413.47211       -1558.92096
       498         -1972.36414         413.44318       -1558.92096
       499         -1972.33264         413.41169       -1558.92096
       500         -1972.29859         413.37763       -1558.92096
       501         -1972.26195         413.34099       -1558.92096
       502         -1972.22270         413.30174       -1558.92096
       503         -1972.18083         413.25987       -1558.92096
       504         -1972.13634         413.21537       -1558.92097
       505         -1972.08921         413.16824       -1558.92097
       506         -1972.03946         413.11849       -1558.92097
       507         -1971.98707         413.06610       -1558.92097
       508         -1971.93205         413.01108       -1558.92097
       509         -1971.87439         412.95342       -1558.92097
       510         -1971.81410         412.89313       -1558.92097
       511         -1971.75120         412.83023       -1558.92097
       512         -1971.68568         412.76471       -1558.92097
       513         -1971.61755         412.69657       -1558.92097
       514         -1971.54683         412.62585       -1558.92097
       515         -1971.47353         412.55255       -1558.92098
       516         -1971.39765         412.47667       -1558.92098
       517         -1971.31920         412.39822       -1558.92098
       518         -1971.23820         412.31721       -1558.92098
       519         -1971.15464         412.23366       -1558.92098
       520         -1971.06853         412.14754       -1558.92099
       521         -1970.97985         412.05887       -1558.92098
       522         -1970.88863         411.96765       -1558.92098
       523         -1970.79485         411.87388       -1558.92098
       524         -1970.69852         411.77754       -1558.92097
       525         -1970.59964         411.67867       -1558.92097
       526         -1970.49822         411.57725       -1558.92097
       527         -1970.39426         411.47329       -1558.92097
       528         -1970.28774         411.36678       -1558.92096
       529         -1970.17867         411.25771       -1558.92096
       530         -1970.06705         411.14610       -1558.92096
       531         -1969.95289         411.03194       -1558.92095
       532         -1969.83619         410.91524       -1558.92095
       533         -1969.71694         410.79599       -1558.92096
       534         -1969.59513         410.67418       -1558.92095
       535         -1969.47078         410.54983       -1558.92095
       536         -1969.34387         410.42293       -1558.92094
       537         -1969.21443         410.29349       -1558.92094
       538         -1969.08246         410.16152       -1558.92094
       539         -1968.94795         410.02702       -1558.92093
       540         -1968.81092         409.88999       -1558.92093
       541         -1968.67135         409.75042       -1558.92093
       542         -1968.52925         409.60832       -1558.92093
       543         -1968.38462         409.46370       -1558.92092
       544         -1968.23752         409.31660       -1558.92092
       545         -1968.08795         409.16703       -1558.92092
       546         -1967.93594         409.01502       -1558.92092
       547         -1967.78152         408.86060       -1558.92092
       548         -1967.62473         408.70382       -1558.92091
       549         -1967.46562         408.54471       -1558.92091
       550         -1967.30424         408.38333       -1558.92091
       551         -1967.14062         408.21972       -1558.92090
       552         -1966.97484         408.05393       -1558.92090
       553         -1966.80693         407.88603       -1558.92090
       554         -1966.63696         407.71606       -1558.92090
       555         -1966.46501         407.54411       -1558.92090
       556         -1966.29114         407.37025       -1558.92089
       557         -1966.11543         407.19453       -1558.92090
       558         -1965.93795         407.01705       -1558.92089
       559         -1965.75879         406.83790       -1558.92089
       560         -1965.57804         406.65715       -1558.92088
       561         -1965.39577         406.47490       -1558.92088
       562         -1965.21212         406.29125       -1558.92087
       563         -1965.02719         406.10632       -1558.92087
       564         -1964.84110         405.92025       -1558.92085
       565         -1964.65398         405.73313       -1558.92085
       566         -1964.46594         405.54510       -1558.92084
       567         -1964.27710         405.35627       -1558.92083
       568         -1964.08759         405.16677       -1558.92082
       569         -1963.89754         404.97673       -1558.92081
       570         -1963.70711         404.78630       -1558.92081
       571         -1963.51641         404.59561       -1558.92080
       572         -1963.32559         404.40480       -1558.92079
       573         -1963.13482         404.21404       -1558.92077
       574         -1962.94423         404.02347       -1558.92076
       575         -1962.75399         403.83324       -1558.92075
       576         -1962.56426         403.64351       -1558.92075
       577         -1962.37518         403.45444       -1558.92074
       578         -1962.18691         403.26618       -1558.92074
       579         -1961.99963         403.07890       -1558.92073
       580         -1961.81351         402.89279       -1558.92071
       581         -1961.62870         402.70801       -1558.92070
       582         -1961.44539         402.52470       -1558.92069
       583         -1961.26372         402.34304       -1558.92068
       584         -1961.08389         402.16323       -1558.92066
       585         -1960.90609         401.98543       -1558.92066
       586         -1960.73046         401.80981       -1558.92065
       587         -1960.55720         401.63655       -1558.92065
       588         -1960.38646         401.46584       -1558.92063
       589         -1960.21846         401.29785       -1558.92061
       590         -1960.05336         401.13275       -1558.92060
       591         -1959.89131         400.97072       -1558.92059
       592         -1959.73248         400.81189       -1558.92059
       593         -1959.57703         400.65645       -1558.92058
       594         -1959.42514         400.50456       -1558.92058
       595         -1959.27696         400.35640       -1558.92056
       596         -1959.13269         400.21213       -1558.92055
       597         -1958.99246         400.07191       -1558.92055
       598         -1958.85643         399.93590       -1558.92054
       599         -1958.72477         399.80424       -1558.92053
       600         -1958.59761         399.67709       -1558.92052
Time (in sec):        13.42
